{"level":"warn","ts":"2022-05-27T22:03:55.688Z","caller":"server/config.go:307","msg":"WARNING: insecure default parameter value, change this for production!","param":"console.password"}
{"level":"warn","ts":"2022-05-27T22:03:55.688Z","caller":"server/config.go:311","msg":"WARNING: insecure default parameter value, change this for production!","param":"console.signing_key"}
{"level":"warn","ts":"2022-05-27T22:03:55.688Z","caller":"server/config.go:315","msg":"WARNING: insecure default parameter value, change this for production!","param":"socket.server_key"}
{"level":"warn","ts":"2022-05-27T22:03:55.688Z","caller":"server/config.go:319","msg":"WARNING: insecure default parameter value, change this for production!","param":"session.encryption_key"}
{"level":"warn","ts":"2022-05-27T22:03:55.688Z","caller":"server/config.go:323","msg":"WARNING: insecure default parameter value, change this for production!","param":"session.refresh_encryption_key"}
{"level":"warn","ts":"2022-05-27T22:03:55.688Z","caller":"server/config.go:327","msg":"WARNING: insecure default parameter value, change this for production!","param":"runtime.http_key"}
{"level":"info","ts":"2022-05-27T22:03:55.688Z","caller":"main.go:103","msg":"Nakama starting"}
{"level":"info","ts":"2022-05-27T22:03:55.688Z","caller":"main.go:104","msg":"Node","name":"nakama1","version":"3.12.0+f5e935d6","runtime":"go1.18.2","cpu":12,"proc":12}
{"level":"info","ts":"2022-05-27T22:03:55.688Z","caller":"main.go:105","msg":"Data directory","path":"./data/"}
{"level":"info","ts":"2022-05-27T22:03:55.689Z","caller":"main.go:124","msg":"Database connections","dsns":["postgres:xxxxx@postgres:5432/nakama"]}
{"level":"debug","ts":"2022-05-27T22:03:55.689Z","caller":"server/db.go:61","msg":"Complete database connection URL","raw_url":"postgres://postgres:localdb@postgres:5432/nakama?sslmode=prefer"}
{"level":"info","ts":"2022-05-27T22:03:55.692Z","caller":"main.go:130","msg":"Database information","version":"PostgreSQL 12.2 on x86_64-pc-linux-musl, compiled by gcc (Alpine 9.2.0) 9.2.0, 64-bit"}
{"level":"info","ts":"2022-05-27T22:03:55.695Z","caller":"server/leaderboard_rank_cache.go:117","msg":"Initializing leaderboard rank cache"}
{"level":"info","ts":"2022-05-27T22:03:55.695Z","caller":"server/leaderboard_rank_cache.go:240","msg":"Leaderboard rank cache initialization completed successfully","cached":[],"skipped":[]}
{"level":"info","ts":"2022-05-27T22:03:55.695Z","caller":"server/runtime.go:571","msg":"Initialising runtime","path":"data/modules"}
{"level":"info","ts":"2022-05-27T22:03:55.695Z","caller":"server/runtime.go:578","msg":"Initialising runtime event queue processor"}
{"level":"info","ts":"2022-05-27T22:03:55.696Z","caller":"server/runtime.go:580","msg":"Runtime event queue processor started","size":65536,"workers":8}
{"level":"info","ts":"2022-05-27T22:03:55.696Z","caller":"server/runtime_go.go:2396","msg":"Initialising Go runtime provider","path":"data/modules"}
{"level":"info","ts":"2022-05-27T22:03:55.696Z","caller":"server/runtime_go.go:2420","msg":"Go runtime modules loaded"}
{"level":"info","ts":"2022-05-27T22:03:55.696Z","caller":"server/runtime_lua.go:110","msg":"Initialising Lua runtime provider","path":"data/modules"}
{"level":"info","ts":"2022-05-27T22:03:55.696Z","caller":"server/runtime_lua.go:1116","msg":"Lua runtime modules loaded"}
{"level":"info","ts":"2022-05-27T22:03:55.696Z","caller":"server/runtime_lua.go:1119","msg":"Allocating minimum Lua runtime pool","count":16}
{"level":"info","ts":"2022-05-27T22:03:55.696Z","caller":"server/runtime_lua.go:1127","msg":"Allocated minimum Lua runtime pool"}
{"level":"info","ts":"2022-05-27T22:03:55.696Z","caller":"server/runtime_javascript.go:578","msg":"Initialising JavaScript runtime provider","path":"data/modules","entrypoint":""}
{"level":"info","ts":"2022-05-27T22:03:55.696Z","caller":"server/runtime_javascript.go:1572","msg":"JavaScript runtime modules loaded"}
{"level":"info","ts":"2022-05-27T22:03:55.696Z","caller":"server/runtime_javascript.go:1575","msg":"Allocating minimum JavaScript runtime pool","count":16}
{"level":"info","ts":"2022-05-27T22:03:55.696Z","caller":"server/runtime_javascript.go:1583","msg":"Allocated minimum JavaScript runtime pool"}
{"level":"info","ts":"2022-05-27T22:03:55.696Z","caller":"server/runtime.go:613","msg":"Found runtime modules","count":0,"modules":[]}
{"level":"info","ts":"2022-05-27T22:03:55.696Z","caller":"server/leaderboard_scheduler.go:92","msg":"Leaderboard scheduler start"}
{"level":"info","ts":"2022-05-27T22:03:55.696Z","caller":"server/leaderboard_scheduler.go:279","msg":"Leaderboard scheduler update","end_active":"-1ns","end_active_count":0,"expiry":"-1ns","expiry_count":0}
{"level":"info","ts":"2022-05-27T22:03:55.696Z","caller":"server/api.go:131","msg":"Starting API server for gRPC requests","port":7349}
{"level":"info","ts":"2022-05-27T22:03:55.697Z","caller":"server/api.go:265","msg":"Starting API server gateway for HTTP requests","port":7350}
{"level":"info","ts":"2022-05-27T22:03:55.699Z","caller":"server/console.go:202","msg":"Starting Console server for gRPC requests","port":7348}
{"level":"info","ts":"2022-05-27T22:03:55.699Z","caller":"server/console.go:296","msg":"Starting Console server gateway for HTTP requests","port":7351}
{"level":"warn","ts":"2022-05-27T22:04:01.291Z","caller":"server/config.go:307","msg":"WARNING: insecure default parameter value, change this for production!","param":"console.password"}
{"level":"warn","ts":"2022-05-27T22:04:01.291Z","caller":"server/config.go:311","msg":"WARNING: insecure default parameter value, change this for production!","param":"console.signing_key"}
{"level":"warn","ts":"2022-05-27T22:04:01.291Z","caller":"server/config.go:315","msg":"WARNING: insecure default parameter value, change this for production!","param":"socket.server_key"}
{"level":"warn","ts":"2022-05-27T22:04:01.291Z","caller":"server/config.go:319","msg":"WARNING: insecure default parameter value, change this for production!","param":"session.encryption_key"}
{"level":"warn","ts":"2022-05-27T22:04:01.292Z","caller":"server/config.go:323","msg":"WARNING: insecure default parameter value, change this for production!","param":"session.refresh_encryption_key"}
{"level":"warn","ts":"2022-05-27T22:04:01.292Z","caller":"server/config.go:327","msg":"WARNING: insecure default parameter value, change this for production!","param":"runtime.http_key"}
{"level":"info","ts":"2022-05-27T22:04:01.292Z","caller":"main.go:103","msg":"Nakama starting"}
{"level":"info","ts":"2022-05-27T22:04:01.292Z","caller":"main.go:104","msg":"Node","name":"nakama1","version":"3.12.0+f5e935d6","runtime":"go1.18.2","cpu":12,"proc":12}
{"level":"info","ts":"2022-05-27T22:04:01.292Z","caller":"main.go:105","msg":"Data directory","path":"./data/"}
{"level":"info","ts":"2022-05-27T22:04:01.292Z","caller":"main.go:124","msg":"Database connections","dsns":["postgres:xxxxx@postgres:5432/nakama"]}
{"level":"debug","ts":"2022-05-27T22:04:01.292Z","caller":"server/db.go:61","msg":"Complete database connection URL","raw_url":"postgres://postgres:localdb@postgres:5432/nakama?sslmode=prefer"}
{"level":"info","ts":"2022-05-27T22:04:01.295Z","caller":"main.go:130","msg":"Database information","version":"PostgreSQL 12.2 on x86_64-pc-linux-musl, compiled by gcc (Alpine 9.2.0) 9.2.0, 64-bit"}
{"level":"info","ts":"2022-05-27T22:04:01.298Z","caller":"server/leaderboard_rank_cache.go:117","msg":"Initializing leaderboard rank cache"}
{"level":"info","ts":"2022-05-27T22:04:01.298Z","caller":"server/leaderboard_rank_cache.go:240","msg":"Leaderboard rank cache initialization completed successfully","cached":[],"skipped":[]}
{"level":"info","ts":"2022-05-27T22:04:01.298Z","caller":"server/runtime.go:571","msg":"Initialising runtime","path":"data/modules"}
{"level":"info","ts":"2022-05-27T22:04:01.298Z","caller":"server/runtime.go:578","msg":"Initialising runtime event queue processor"}
{"level":"info","ts":"2022-05-27T22:04:01.299Z","caller":"server/runtime.go:580","msg":"Runtime event queue processor started","size":65536,"workers":8}
{"level":"info","ts":"2022-05-27T22:04:01.299Z","caller":"server/runtime_go.go:2396","msg":"Initialising Go runtime provider","path":"data/modules"}
{"level":"info","ts":"2022-05-27T22:04:01.299Z","caller":"server/runtime_go.go:2420","msg":"Go runtime modules loaded"}
{"level":"info","ts":"2022-05-27T22:04:01.299Z","caller":"server/runtime_lua.go:110","msg":"Initialising Lua runtime provider","path":"data/modules"}
{"level":"info","ts":"2022-05-27T22:04:01.299Z","caller":"server/runtime_lua.go:1116","msg":"Lua runtime modules loaded"}
{"level":"info","ts":"2022-05-27T22:04:01.299Z","caller":"server/runtime_lua.go:1119","msg":"Allocating minimum Lua runtime pool","count":16}
{"level":"info","ts":"2022-05-27T22:04:01.299Z","caller":"server/runtime_lua.go:1127","msg":"Allocated minimum Lua runtime pool"}
{"level":"info","ts":"2022-05-27T22:04:01.299Z","caller":"server/runtime_javascript.go:578","msg":"Initialising JavaScript runtime provider","path":"data/modules","entrypoint":""}
{"level":"info","ts":"2022-05-27T22:04:01.299Z","caller":"server/runtime_javascript.go:1572","msg":"JavaScript runtime modules loaded"}
{"level":"info","ts":"2022-05-27T22:04:01.299Z","caller":"server/runtime_javascript.go:1575","msg":"Allocating minimum JavaScript runtime pool","count":16}
{"level":"info","ts":"2022-05-27T22:04:01.299Z","caller":"server/runtime_javascript.go:1583","msg":"Allocated minimum JavaScript runtime pool"}
{"level":"info","ts":"2022-05-27T22:04:01.300Z","caller":"server/runtime.go:613","msg":"Found runtime modules","count":0,"modules":[]}
{"level":"info","ts":"2022-05-27T22:04:01.300Z","caller":"server/leaderboard_scheduler.go:92","msg":"Leaderboard scheduler start"}
{"level":"info","ts":"2022-05-27T22:04:01.300Z","caller":"server/leaderboard_scheduler.go:279","msg":"Leaderboard scheduler update","end_active":"-1ns","end_active_count":0,"expiry":"-1ns","expiry_count":0}
{"level":"info","ts":"2022-05-27T22:04:01.300Z","caller":"server/api.go:131","msg":"Starting API server for gRPC requests","port":7349}
{"level":"info","ts":"2022-05-27T22:04:01.300Z","caller":"server/api.go:265","msg":"Starting API server gateway for HTTP requests","port":7350}
{"level":"info","ts":"2022-05-27T22:04:01.303Z","caller":"server/console.go:202","msg":"Starting Console server for gRPC requests","port":7348}
{"level":"info","ts":"2022-05-27T22:04:01.303Z","caller":"server/console.go:296","msg":"Starting Console server gateway for HTTP requests","port":7351}
{"level":"info","ts":"2022-05-27T22:04:01.390Z","caller":"main.go:184","msg":"Startup done"}
{"level":"info","ts":"2022-05-27T22:04:19.883Z","caller":"main.go:200","msg":"Shutdown started"}
{"level":"info","ts":"2022-05-27T22:04:19.883Z","caller":"main.go:207","msg":"All authoritative matches stopped"}
{"level":"info","ts":"2022-05-27T22:04:19.901Z","caller":"main.go:239","msg":"Shutdown complete"}
{"level":"warn","ts":"2022-05-27T22:04:34.981Z","caller":"server/config.go:307","msg":"WARNING: insecure default parameter value, change this for production!","param":"console.password"}
{"level":"warn","ts":"2022-05-27T22:04:34.981Z","caller":"server/config.go:311","msg":"WARNING: insecure default parameter value, change this for production!","param":"console.signing_key"}
{"level":"warn","ts":"2022-05-27T22:04:34.981Z","caller":"server/config.go:315","msg":"WARNING: insecure default parameter value, change this for production!","param":"socket.server_key"}
{"level":"warn","ts":"2022-05-27T22:04:34.981Z","caller":"server/config.go:319","msg":"WARNING: insecure default parameter value, change this for production!","param":"session.encryption_key"}
{"level":"warn","ts":"2022-05-27T22:04:34.981Z","caller":"server/config.go:323","msg":"WARNING: insecure default parameter value, change this for production!","param":"session.refresh_encryption_key"}
{"level":"warn","ts":"2022-05-27T22:04:34.981Z","caller":"server/config.go:327","msg":"WARNING: insecure default parameter value, change this for production!","param":"runtime.http_key"}
{"level":"info","ts":"2022-05-27T22:04:34.981Z","caller":"main.go:103","msg":"Nakama starting"}
{"level":"info","ts":"2022-05-27T22:04:34.981Z","caller":"main.go:104","msg":"Node","name":"nakama1","version":"3.12.0+f5e935d6","runtime":"go1.18.2","cpu":12,"proc":12}
{"level":"info","ts":"2022-05-27T22:04:34.981Z","caller":"main.go:105","msg":"Data directory","path":"./data/"}
{"level":"info","ts":"2022-05-27T22:04:34.981Z","caller":"main.go:124","msg":"Database connections","dsns":["postgres:xxxxx@postgres:5432/nakama"]}
{"level":"debug","ts":"2022-05-27T22:04:34.983Z","caller":"server/db.go:61","msg":"Complete database connection URL","raw_url":"postgres://postgres:localdb@postgres:5432/nakama?sslmode=prefer"}
{"level":"info","ts":"2022-05-27T22:04:34.986Z","caller":"main.go:130","msg":"Database information","version":"PostgreSQL 12.2 on x86_64-pc-linux-musl, compiled by gcc (Alpine 9.2.0) 9.2.0, 64-bit"}
{"level":"info","ts":"2022-05-27T22:04:34.989Z","caller":"server/leaderboard_rank_cache.go:117","msg":"Initializing leaderboard rank cache"}
{"level":"info","ts":"2022-05-27T22:04:34.989Z","caller":"server/leaderboard_rank_cache.go:240","msg":"Leaderboard rank cache initialization completed successfully","cached":[],"skipped":[]}
{"level":"info","ts":"2022-05-27T22:04:34.989Z","caller":"server/runtime.go:571","msg":"Initialising runtime","path":"data/modules"}
{"level":"info","ts":"2022-05-27T22:04:34.990Z","caller":"server/runtime.go:578","msg":"Initialising runtime event queue processor"}
{"level":"info","ts":"2022-05-27T22:04:34.990Z","caller":"server/runtime.go:580","msg":"Runtime event queue processor started","size":65536,"workers":8}
{"level":"info","ts":"2022-05-27T22:04:34.990Z","caller":"server/runtime_go.go:2396","msg":"Initialising Go runtime provider","path":"data/modules"}
{"level":"info","ts":"2022-05-27T22:04:34.990Z","caller":"server/runtime_go.go:2420","msg":"Go runtime modules loaded"}
{"level":"info","ts":"2022-05-27T22:04:34.990Z","caller":"server/runtime_lua.go:110","msg":"Initialising Lua runtime provider","path":"data/modules"}
{"level":"info","ts":"2022-05-27T22:04:34.990Z","caller":"server/runtime_lua.go:1116","msg":"Lua runtime modules loaded"}
{"level":"info","ts":"2022-05-27T22:04:34.990Z","caller":"server/runtime_lua.go:1119","msg":"Allocating minimum Lua runtime pool","count":16}
{"level":"info","ts":"2022-05-27T22:04:34.990Z","caller":"server/runtime_lua.go:1127","msg":"Allocated minimum Lua runtime pool"}
{"level":"info","ts":"2022-05-27T22:04:34.990Z","caller":"server/runtime_javascript.go:578","msg":"Initialising JavaScript runtime provider","path":"data/modules","entrypoint":""}
{"level":"info","ts":"2022-05-27T22:04:34.991Z","caller":"server/runtime_javascript.go:1572","msg":"JavaScript runtime modules loaded"}
{"level":"info","ts":"2022-05-27T22:04:34.991Z","caller":"server/runtime_javascript.go:1575","msg":"Allocating minimum JavaScript runtime pool","count":16}
{"level":"info","ts":"2022-05-27T22:04:34.991Z","caller":"server/runtime_javascript.go:1583","msg":"Allocated minimum JavaScript runtime pool"}
{"level":"info","ts":"2022-05-27T22:04:34.991Z","caller":"server/runtime.go:613","msg":"Found runtime modules","count":0,"modules":[]}
{"level":"info","ts":"2022-05-27T22:04:34.991Z","caller":"server/leaderboard_scheduler.go:92","msg":"Leaderboard scheduler start"}
{"level":"info","ts":"2022-05-27T22:04:34.991Z","caller":"server/leaderboard_scheduler.go:279","msg":"Leaderboard scheduler update","end_active":"-1ns","end_active_count":0,"expiry":"-1ns","expiry_count":0}
{"level":"info","ts":"2022-05-27T22:04:34.991Z","caller":"server/api.go:131","msg":"Starting API server for gRPC requests","port":7349}
{"level":"info","ts":"2022-05-27T22:04:34.991Z","caller":"server/api.go:265","msg":"Starting API server gateway for HTTP requests","port":7350}
{"level":"info","ts":"2022-05-27T22:04:34.994Z","caller":"server/console.go:202","msg":"Starting Console server for gRPC requests","port":7348}
{"level":"info","ts":"2022-05-27T22:04:34.994Z","caller":"server/console.go:296","msg":"Starting Console server gateway for HTTP requests","port":7351}
{"level":"info","ts":"2022-05-27T22:04:35.082Z","caller":"main.go:184","msg":"Startup done"}
{"level":"info","ts":"2022-05-27T22:05:08.509Z","caller":"main.go:200","msg":"Shutdown started"}
{"level":"info","ts":"2022-05-27T22:05:08.509Z","caller":"main.go:207","msg":"All authoritative matches stopped"}
{"level":"info","ts":"2022-05-27T22:05:08.527Z","caller":"main.go:239","msg":"Shutdown complete"}
{"level":"warn","ts":"2022-05-27T22:05:14.714Z","caller":"server/config.go:307","msg":"WARNING: insecure default parameter value, change this for production!","param":"console.password"}
{"level":"warn","ts":"2022-05-27T22:05:14.714Z","caller":"server/config.go:311","msg":"WARNING: insecure default parameter value, change this for production!","param":"console.signing_key"}
{"level":"warn","ts":"2022-05-27T22:05:14.714Z","caller":"server/config.go:315","msg":"WARNING: insecure default parameter value, change this for production!","param":"socket.server_key"}
{"level":"warn","ts":"2022-05-27T22:05:14.714Z","caller":"server/config.go:319","msg":"WARNING: insecure default parameter value, change this for production!","param":"session.encryption_key"}
{"level":"warn","ts":"2022-05-27T22:05:14.714Z","caller":"server/config.go:323","msg":"WARNING: insecure default parameter value, change this for production!","param":"session.refresh_encryption_key"}
{"level":"warn","ts":"2022-05-27T22:05:14.714Z","caller":"server/config.go:327","msg":"WARNING: insecure default parameter value, change this for production!","param":"runtime.http_key"}
{"level":"info","ts":"2022-05-27T22:05:14.714Z","caller":"main.go:103","msg":"Nakama starting"}
{"level":"info","ts":"2022-05-27T22:05:14.714Z","caller":"main.go:104","msg":"Node","name":"nakama1","version":"3.12.0+f5e935d6","runtime":"go1.18.2","cpu":12,"proc":12}
{"level":"info","ts":"2022-05-27T22:05:14.714Z","caller":"main.go:105","msg":"Data directory","path":"./data/"}
{"level":"info","ts":"2022-05-27T22:05:14.714Z","caller":"main.go:124","msg":"Database connections","dsns":["postgres:xxxxx@postgres:5432/nakama"]}
{"level":"debug","ts":"2022-05-27T22:05:14.715Z","caller":"server/db.go:61","msg":"Complete database connection URL","raw_url":"postgres://postgres:localdb@postgres:5432/nakama?sslmode=prefer"}
{"level":"info","ts":"2022-05-27T22:05:14.718Z","caller":"main.go:130","msg":"Database information","version":"PostgreSQL 12.2 on x86_64-pc-linux-musl, compiled by gcc (Alpine 9.2.0) 9.2.0, 64-bit"}
{"level":"info","ts":"2022-05-27T22:05:14.722Z","caller":"server/leaderboard_rank_cache.go:117","msg":"Initializing leaderboard rank cache"}
{"level":"info","ts":"2022-05-27T22:05:14.722Z","caller":"server/leaderboard_rank_cache.go:240","msg":"Leaderboard rank cache initialization completed successfully","cached":[],"skipped":[]}
{"level":"info","ts":"2022-05-27T22:05:14.722Z","caller":"server/runtime.go:571","msg":"Initialising runtime","path":"data/modules"}
{"level":"info","ts":"2022-05-27T22:05:14.722Z","caller":"server/runtime.go:578","msg":"Initialising runtime event queue processor"}
{"level":"info","ts":"2022-05-27T22:05:14.722Z","caller":"server/runtime.go:580","msg":"Runtime event queue processor started","size":65536,"workers":8}
{"level":"info","ts":"2022-05-27T22:05:14.722Z","caller":"server/runtime_go.go:2396","msg":"Initialising Go runtime provider","path":"data/modules"}
{"level":"info","ts":"2022-05-27T22:05:14.722Z","caller":"server/runtime_go.go:2420","msg":"Go runtime modules loaded"}
{"level":"info","ts":"2022-05-27T22:05:14.722Z","caller":"server/runtime_lua.go:110","msg":"Initialising Lua runtime provider","path":"data/modules"}
{"level":"info","ts":"2022-05-27T22:05:14.722Z","caller":"server/runtime_lua.go:1116","msg":"Lua runtime modules loaded"}
{"level":"info","ts":"2022-05-27T22:05:14.722Z","caller":"server/runtime_lua.go:1119","msg":"Allocating minimum Lua runtime pool","count":16}
{"level":"info","ts":"2022-05-27T22:05:14.722Z","caller":"server/runtime_lua.go:1127","msg":"Allocated minimum Lua runtime pool"}
{"level":"info","ts":"2022-05-27T22:05:14.722Z","caller":"server/runtime_javascript.go:578","msg":"Initialising JavaScript runtime provider","path":"data/modules","entrypoint":""}
{"level":"info","ts":"2022-05-27T22:05:14.723Z","caller":"server/runtime_javascript.go:1572","msg":"JavaScript runtime modules loaded"}
{"level":"info","ts":"2022-05-27T22:05:14.723Z","caller":"server/runtime_javascript.go:1575","msg":"Allocating minimum JavaScript runtime pool","count":16}
{"level":"info","ts":"2022-05-27T22:05:14.723Z","caller":"server/runtime_javascript.go:1583","msg":"Allocated minimum JavaScript runtime pool"}
{"level":"info","ts":"2022-05-27T22:05:14.723Z","caller":"server/runtime.go:613","msg":"Found runtime modules","count":0,"modules":[]}
{"level":"info","ts":"2022-05-27T22:05:14.723Z","caller":"server/leaderboard_scheduler.go:92","msg":"Leaderboard scheduler start"}
{"level":"info","ts":"2022-05-27T22:05:14.723Z","caller":"server/leaderboard_scheduler.go:279","msg":"Leaderboard scheduler update","end_active":"-1ns","end_active_count":0,"expiry":"-1ns","expiry_count":0}
{"level":"info","ts":"2022-05-27T22:05:14.723Z","caller":"server/api.go:131","msg":"Starting API server for gRPC requests","port":7349}
{"level":"info","ts":"2022-05-27T22:05:14.723Z","caller":"server/api.go:265","msg":"Starting API server gateway for HTTP requests","port":7350}
{"level":"info","ts":"2022-05-27T22:05:14.726Z","caller":"server/console.go:202","msg":"Starting Console server for gRPC requests","port":7348}
{"level":"info","ts":"2022-05-27T22:05:14.726Z","caller":"server/console.go:296","msg":"Starting Console server gateway for HTTP requests","port":7351}
{"level":"info","ts":"2022-05-27T22:05:14.829Z","caller":"main.go:184","msg":"Startup done"}
{"level":"info","ts":"2022-05-27T22:05:22.993Z","caller":"main.go:200","msg":"Shutdown started"}
{"level":"info","ts":"2022-05-27T22:05:22.993Z","caller":"main.go:207","msg":"All authoritative matches stopped"}
{"level":"info","ts":"2022-05-27T22:05:23.010Z","caller":"main.go:239","msg":"Shutdown complete"}
{"level":"warn","ts":"2022-05-27T22:05:28.680Z","caller":"server/config.go:307","msg":"WARNING: insecure default parameter value, change this for production!","param":"console.password"}
{"level":"warn","ts":"2022-05-27T22:05:28.680Z","caller":"server/config.go:311","msg":"WARNING: insecure default parameter value, change this for production!","param":"console.signing_key"}
{"level":"warn","ts":"2022-05-27T22:05:28.680Z","caller":"server/config.go:315","msg":"WARNING: insecure default parameter value, change this for production!","param":"socket.server_key"}
{"level":"warn","ts":"2022-05-27T22:05:28.680Z","caller":"server/config.go:319","msg":"WARNING: insecure default parameter value, change this for production!","param":"session.encryption_key"}
{"level":"warn","ts":"2022-05-27T22:05:28.680Z","caller":"server/config.go:323","msg":"WARNING: insecure default parameter value, change this for production!","param":"session.refresh_encryption_key"}
{"level":"warn","ts":"2022-05-27T22:05:28.680Z","caller":"server/config.go:327","msg":"WARNING: insecure default parameter value, change this for production!","param":"runtime.http_key"}
{"level":"info","ts":"2022-05-27T22:05:28.680Z","caller":"main.go:103","msg":"Nakama starting"}
{"level":"info","ts":"2022-05-27T22:05:28.680Z","caller":"main.go:104","msg":"Node","name":"nakama1","version":"3.12.0+f5e935d6","runtime":"go1.18.2","cpu":12,"proc":12}
{"level":"info","ts":"2022-05-27T22:05:28.680Z","caller":"main.go:105","msg":"Data directory","path":"./data/"}
{"level":"info","ts":"2022-05-27T22:05:28.680Z","caller":"main.go:124","msg":"Database connections","dsns":["postgres:xxxxx@postgres:5432/nakama"]}
{"level":"debug","ts":"2022-05-27T22:05:28.681Z","caller":"server/db.go:61","msg":"Complete database connection URL","raw_url":"postgres://postgres:localdb@postgres:5432/nakama?sslmode=prefer"}
{"level":"info","ts":"2022-05-27T22:05:28.684Z","caller":"main.go:130","msg":"Database information","version":"PostgreSQL 12.2 on x86_64-pc-linux-musl, compiled by gcc (Alpine 9.2.0) 9.2.0, 64-bit"}
{"level":"info","ts":"2022-05-27T22:05:28.689Z","caller":"server/leaderboard_rank_cache.go:117","msg":"Initializing leaderboard rank cache"}
{"level":"info","ts":"2022-05-27T22:05:28.689Z","caller":"server/leaderboard_rank_cache.go:240","msg":"Leaderboard rank cache initialization completed successfully","cached":[],"skipped":[]}
{"level":"info","ts":"2022-05-27T22:05:28.689Z","caller":"server/runtime.go:571","msg":"Initialising runtime","path":"data/modules"}
{"level":"info","ts":"2022-05-27T22:05:28.689Z","caller":"server/runtime.go:578","msg":"Initialising runtime event queue processor"}
{"level":"info","ts":"2022-05-27T22:05:28.690Z","caller":"server/runtime.go:580","msg":"Runtime event queue processor started","size":65536,"workers":8}
{"level":"info","ts":"2022-05-27T22:05:28.690Z","caller":"server/runtime_go.go:2396","msg":"Initialising Go runtime provider","path":"data/modules"}
{"level":"info","ts":"2022-05-27T22:05:28.690Z","caller":"server/runtime_go.go:2420","msg":"Go runtime modules loaded"}
{"level":"info","ts":"2022-05-27T22:05:28.690Z","caller":"server/runtime_lua.go:110","msg":"Initialising Lua runtime provider","path":"data/modules"}
{"level":"info","ts":"2022-05-27T22:05:28.690Z","caller":"server/runtime_lua.go:1116","msg":"Lua runtime modules loaded"}
{"level":"info","ts":"2022-05-27T22:05:28.690Z","caller":"server/runtime_lua.go:1119","msg":"Allocating minimum Lua runtime pool","count":16}
{"level":"info","ts":"2022-05-27T22:05:28.690Z","caller":"server/runtime_lua.go:1127","msg":"Allocated minimum Lua runtime pool"}
{"level":"info","ts":"2022-05-27T22:05:28.690Z","caller":"server/runtime_javascript.go:578","msg":"Initialising JavaScript runtime provider","path":"data/modules","entrypoint":""}
{"level":"info","ts":"2022-05-27T22:05:28.690Z","caller":"server/runtime_javascript.go:1572","msg":"JavaScript runtime modules loaded"}
{"level":"info","ts":"2022-05-27T22:05:28.690Z","caller":"server/runtime_javascript.go:1575","msg":"Allocating minimum JavaScript runtime pool","count":16}
{"level":"info","ts":"2022-05-27T22:05:28.690Z","caller":"server/runtime_javascript.go:1583","msg":"Allocated minimum JavaScript runtime pool"}
{"level":"info","ts":"2022-05-27T22:05:28.690Z","caller":"server/runtime.go:613","msg":"Found runtime modules","count":0,"modules":[]}
{"level":"info","ts":"2022-05-27T22:05:28.690Z","caller":"server/leaderboard_scheduler.go:92","msg":"Leaderboard scheduler start"}
{"level":"info","ts":"2022-05-27T22:05:28.690Z","caller":"server/leaderboard_scheduler.go:279","msg":"Leaderboard scheduler update","end_active":"-1ns","end_active_count":0,"expiry":"-1ns","expiry_count":0}
{"level":"info","ts":"2022-05-27T22:05:28.691Z","caller":"server/api.go:131","msg":"Starting API server for gRPC requests","port":7349}
{"level":"info","ts":"2022-05-27T22:05:28.692Z","caller":"server/api.go:265","msg":"Starting API server gateway for HTTP requests","port":7350}
{"level":"info","ts":"2022-05-27T22:05:28.694Z","caller":"server/console.go:202","msg":"Starting Console server for gRPC requests","port":7348}
{"level":"info","ts":"2022-05-27T22:05:28.695Z","caller":"server/console.go:296","msg":"Starting Console server gateway for HTTP requests","port":7351}
{"level":"info","ts":"2022-05-27T22:05:28.782Z","caller":"main.go:184","msg":"Startup done"}
{"level":"info","ts":"2022-05-27T22:05:46.426Z","caller":"main.go:200","msg":"Shutdown started"}
{"level":"info","ts":"2022-05-27T22:05:46.426Z","caller":"main.go:207","msg":"All authoritative matches stopped"}
{"level":"info","ts":"2022-05-27T22:05:46.444Z","caller":"main.go:239","msg":"Shutdown complete"}
{"level":"warn","ts":"2022-05-27T22:05:46.919Z","caller":"server/config.go:307","msg":"WARNING: insecure default parameter value, change this for production!","param":"console.password"}
{"level":"warn","ts":"2022-05-27T22:05:46.919Z","caller":"server/config.go:311","msg":"WARNING: insecure default parameter value, change this for production!","param":"console.signing_key"}
{"level":"warn","ts":"2022-05-27T22:05:46.919Z","caller":"server/config.go:315","msg":"WARNING: insecure default parameter value, change this for production!","param":"socket.server_key"}
{"level":"warn","ts":"2022-05-27T22:05:46.919Z","caller":"server/config.go:319","msg":"WARNING: insecure default parameter value, change this for production!","param":"session.encryption_key"}
{"level":"warn","ts":"2022-05-27T22:05:46.920Z","caller":"server/config.go:323","msg":"WARNING: insecure default parameter value, change this for production!","param":"session.refresh_encryption_key"}
{"level":"warn","ts":"2022-05-27T22:05:46.920Z","caller":"server/config.go:327","msg":"WARNING: insecure default parameter value, change this for production!","param":"runtime.http_key"}
{"level":"info","ts":"2022-05-27T22:05:46.920Z","caller":"main.go:103","msg":"Nakama starting"}
{"level":"info","ts":"2022-05-27T22:05:46.920Z","caller":"main.go:104","msg":"Node","name":"nakama1","version":"3.12.0+f5e935d6","runtime":"go1.18.2","cpu":12,"proc":12}
{"level":"info","ts":"2022-05-27T22:05:46.920Z","caller":"main.go:105","msg":"Data directory","path":"./data/"}
{"level":"info","ts":"2022-05-27T22:05:46.920Z","caller":"main.go:124","msg":"Database connections","dsns":["postgres:xxxxx@postgres:5432/nakama"]}
{"level":"debug","ts":"2022-05-27T22:05:46.920Z","caller":"server/db.go:61","msg":"Complete database connection URL","raw_url":"postgres://postgres:localdb@postgres:5432/nakama?sslmode=prefer"}
{"level":"info","ts":"2022-05-27T22:05:46.924Z","caller":"main.go:130","msg":"Database information","version":"PostgreSQL 12.2 on x86_64-pc-linux-musl, compiled by gcc (Alpine 9.2.0) 9.2.0, 64-bit"}
{"level":"info","ts":"2022-05-27T22:05:46.926Z","caller":"server/leaderboard_rank_cache.go:117","msg":"Initializing leaderboard rank cache"}
{"level":"info","ts":"2022-05-27T22:05:46.926Z","caller":"server/leaderboard_rank_cache.go:240","msg":"Leaderboard rank cache initialization completed successfully","cached":[],"skipped":[]}
{"level":"info","ts":"2022-05-27T22:05:46.926Z","caller":"server/runtime.go:571","msg":"Initialising runtime","path":"data/modules"}
{"level":"info","ts":"2022-05-27T22:05:46.926Z","caller":"server/runtime.go:578","msg":"Initialising runtime event queue processor"}
{"level":"info","ts":"2022-05-27T22:05:46.927Z","caller":"server/runtime.go:580","msg":"Runtime event queue processor started","size":65536,"workers":8}
{"level":"info","ts":"2022-05-27T22:05:46.927Z","caller":"server/runtime_go.go:2396","msg":"Initialising Go runtime provider","path":"data/modules"}
{"level":"info","ts":"2022-05-27T22:05:46.927Z","caller":"server/runtime_go.go:2420","msg":"Go runtime modules loaded"}
{"level":"info","ts":"2022-05-27T22:05:46.927Z","caller":"server/runtime_lua.go:110","msg":"Initialising Lua runtime provider","path":"data/modules"}
{"level":"info","ts":"2022-05-27T22:05:46.927Z","caller":"server/runtime_lua.go:1116","msg":"Lua runtime modules loaded"}
{"level":"info","ts":"2022-05-27T22:05:46.927Z","caller":"server/runtime_lua.go:1119","msg":"Allocating minimum Lua runtime pool","count":16}
{"level":"info","ts":"2022-05-27T22:05:46.927Z","caller":"server/runtime_lua.go:1127","msg":"Allocated minimum Lua runtime pool"}
{"level":"info","ts":"2022-05-27T22:05:46.927Z","caller":"server/runtime_javascript.go:578","msg":"Initialising JavaScript runtime provider","path":"data/modules","entrypoint":""}
{"level":"info","ts":"2022-05-27T22:05:46.927Z","caller":"server/runtime_javascript.go:1572","msg":"JavaScript runtime modules loaded"}
{"level":"info","ts":"2022-05-27T22:05:46.927Z","caller":"server/runtime_javascript.go:1575","msg":"Allocating minimum JavaScript runtime pool","count":16}
{"level":"info","ts":"2022-05-27T22:05:46.927Z","caller":"server/runtime_javascript.go:1583","msg":"Allocated minimum JavaScript runtime pool"}
{"level":"info","ts":"2022-05-27T22:05:46.927Z","caller":"server/runtime.go:613","msg":"Found runtime modules","count":0,"modules":[]}
{"level":"info","ts":"2022-05-27T22:05:46.927Z","caller":"server/leaderboard_scheduler.go:92","msg":"Leaderboard scheduler start"}
{"level":"info","ts":"2022-05-27T22:05:46.927Z","caller":"server/leaderboard_scheduler.go:279","msg":"Leaderboard scheduler update","end_active":"-1ns","end_active_count":0,"expiry":"-1ns","expiry_count":0}
{"level":"info","ts":"2022-05-27T22:05:46.927Z","caller":"server/api.go:131","msg":"Starting API server for gRPC requests","port":7349}
{"level":"info","ts":"2022-05-27T22:05:46.928Z","caller":"server/api.go:265","msg":"Starting API server gateway for HTTP requests","port":7350}
{"level":"info","ts":"2022-05-27T22:05:46.930Z","caller":"server/console.go:202","msg":"Starting Console server for gRPC requests","port":7348}
{"level":"info","ts":"2022-05-27T22:05:46.930Z","caller":"server/console.go:296","msg":"Starting Console server gateway for HTTP requests","port":7351}
{"level":"info","ts":"2022-05-27T22:05:47.019Z","caller":"main.go:184","msg":"Startup done"}
{"level":"info","ts":"2022-05-27T22:06:16.189Z","caller":"main.go:200","msg":"Shutdown started"}
{"level":"info","ts":"2022-05-27T22:06:16.189Z","caller":"main.go:207","msg":"All authoritative matches stopped"}
{"level":"info","ts":"2022-05-27T22:06:16.207Z","caller":"main.go:239","msg":"Shutdown complete"}
{"level":"warn","ts":"2022-05-27T22:06:23.847Z","caller":"server/config.go:307","msg":"WARNING: insecure default parameter value, change this for production!","param":"console.password"}
{"level":"warn","ts":"2022-05-27T22:06:23.847Z","caller":"server/config.go:311","msg":"WARNING: insecure default parameter value, change this for production!","param":"console.signing_key"}
{"level":"warn","ts":"2022-05-27T22:06:23.847Z","caller":"server/config.go:315","msg":"WARNING: insecure default parameter value, change this for production!","param":"socket.server_key"}
{"level":"warn","ts":"2022-05-27T22:06:23.847Z","caller":"server/config.go:319","msg":"WARNING: insecure default parameter value, change this for production!","param":"session.encryption_key"}
{"level":"warn","ts":"2022-05-27T22:06:23.847Z","caller":"server/config.go:323","msg":"WARNING: insecure default parameter value, change this for production!","param":"session.refresh_encryption_key"}
{"level":"warn","ts":"2022-05-27T22:06:23.847Z","caller":"server/config.go:327","msg":"WARNING: insecure default parameter value, change this for production!","param":"runtime.http_key"}
{"level":"info","ts":"2022-05-27T22:06:23.847Z","caller":"main.go:103","msg":"Nakama starting"}
{"level":"info","ts":"2022-05-27T22:06:23.847Z","caller":"main.go:104","msg":"Node","name":"nakama1","version":"3.12.0+f5e935d6","runtime":"go1.18.2","cpu":12,"proc":12}
{"level":"info","ts":"2022-05-27T22:06:23.847Z","caller":"main.go:105","msg":"Data directory","path":"./data/"}
{"level":"info","ts":"2022-05-27T22:06:23.847Z","caller":"main.go:124","msg":"Database connections","dsns":["postgres:xxxxx@postgres:5432/nakama"]}
{"level":"debug","ts":"2022-05-27T22:06:23.848Z","caller":"server/db.go:61","msg":"Complete database connection URL","raw_url":"postgres://postgres:localdb@postgres:5432/nakama?sslmode=prefer"}
{"level":"info","ts":"2022-05-27T22:06:23.851Z","caller":"main.go:130","msg":"Database information","version":"PostgreSQL 12.2 on x86_64-pc-linux-musl, compiled by gcc (Alpine 9.2.0) 9.2.0, 64-bit"}
{"level":"info","ts":"2022-05-27T22:06:23.853Z","caller":"server/leaderboard_rank_cache.go:117","msg":"Initializing leaderboard rank cache"}
{"level":"info","ts":"2022-05-27T22:06:23.853Z","caller":"server/leaderboard_rank_cache.go:240","msg":"Leaderboard rank cache initialization completed successfully","cached":[],"skipped":[]}
{"level":"info","ts":"2022-05-27T22:06:23.853Z","caller":"server/runtime.go:571","msg":"Initialising runtime","path":"data/modules"}
{"level":"info","ts":"2022-05-27T22:06:23.854Z","caller":"server/runtime.go:578","msg":"Initialising runtime event queue processor"}
{"level":"info","ts":"2022-05-27T22:06:23.854Z","caller":"server/runtime.go:580","msg":"Runtime event queue processor started","size":65536,"workers":8}
{"level":"info","ts":"2022-05-27T22:06:23.854Z","caller":"server/runtime_go.go:2396","msg":"Initialising Go runtime provider","path":"data/modules"}
{"level":"info","ts":"2022-05-27T22:06:23.854Z","caller":"server/runtime_go.go:2420","msg":"Go runtime modules loaded"}
{"level":"info","ts":"2022-05-27T22:06:23.854Z","caller":"server/runtime_lua.go:110","msg":"Initialising Lua runtime provider","path":"data/modules"}
{"level":"info","ts":"2022-05-27T22:06:23.854Z","caller":"server/runtime_lua.go:1116","msg":"Lua runtime modules loaded"}
{"level":"info","ts":"2022-05-27T22:06:23.854Z","caller":"server/runtime_lua.go:1119","msg":"Allocating minimum Lua runtime pool","count":16}
{"level":"info","ts":"2022-05-27T22:06:23.854Z","caller":"server/runtime_lua.go:1127","msg":"Allocated minimum Lua runtime pool"}
{"level":"info","ts":"2022-05-27T22:06:23.854Z","caller":"server/runtime_javascript.go:578","msg":"Initialising JavaScript runtime provider","path":"data/modules","entrypoint":""}
{"level":"info","ts":"2022-05-27T22:06:23.854Z","caller":"server/runtime_javascript.go:1572","msg":"JavaScript runtime modules loaded"}
{"level":"info","ts":"2022-05-27T22:06:23.854Z","caller":"server/runtime_javascript.go:1575","msg":"Allocating minimum JavaScript runtime pool","count":16}
{"level":"info","ts":"2022-05-27T22:06:23.854Z","caller":"server/runtime_javascript.go:1583","msg":"Allocated minimum JavaScript runtime pool"}
{"level":"info","ts":"2022-05-27T22:06:23.854Z","caller":"server/runtime.go:613","msg":"Found runtime modules","count":0,"modules":[]}
{"level":"info","ts":"2022-05-27T22:06:23.854Z","caller":"server/leaderboard_scheduler.go:92","msg":"Leaderboard scheduler start"}
{"level":"info","ts":"2022-05-27T22:06:23.854Z","caller":"server/leaderboard_scheduler.go:279","msg":"Leaderboard scheduler update","end_active":"-1ns","end_active_count":0,"expiry":"-1ns","expiry_count":0}
{"level":"info","ts":"2022-05-27T22:06:23.855Z","caller":"server/api.go:131","msg":"Starting API server for gRPC requests","port":7349}
{"level":"info","ts":"2022-05-27T22:06:23.855Z","caller":"server/api.go:265","msg":"Starting API server gateway for HTTP requests","port":7350}
{"level":"info","ts":"2022-05-27T22:06:23.857Z","caller":"server/console.go:202","msg":"Starting Console server for gRPC requests","port":7348}
{"level":"info","ts":"2022-05-27T22:06:23.858Z","caller":"server/console.go:296","msg":"Starting Console server gateway for HTTP requests","port":7351}
{"level":"info","ts":"2022-05-27T22:06:23.959Z","caller":"main.go:184","msg":"Startup done"}
{"level":"info","ts":"2022-05-27T22:07:03.633Z","caller":"main.go:200","msg":"Shutdown started"}
{"level":"info","ts":"2022-05-27T22:07:03.633Z","caller":"main.go:207","msg":"All authoritative matches stopped"}
{"level":"info","ts":"2022-05-27T22:07:03.650Z","caller":"main.go:239","msg":"Shutdown complete"}
{"level":"warn","ts":"2022-05-27T22:07:09.580Z","caller":"server/config.go:307","msg":"WARNING: insecure default parameter value, change this for production!","param":"console.password"}
{"level":"warn","ts":"2022-05-27T22:07:09.580Z","caller":"server/config.go:311","msg":"WARNING: insecure default parameter value, change this for production!","param":"console.signing_key"}
{"level":"warn","ts":"2022-05-27T22:07:09.580Z","caller":"server/config.go:315","msg":"WARNING: insecure default parameter value, change this for production!","param":"socket.server_key"}
{"level":"warn","ts":"2022-05-27T22:07:09.580Z","caller":"server/config.go:319","msg":"WARNING: insecure default parameter value, change this for production!","param":"session.encryption_key"}
{"level":"warn","ts":"2022-05-27T22:07:09.580Z","caller":"server/config.go:323","msg":"WARNING: insecure default parameter value, change this for production!","param":"session.refresh_encryption_key"}
{"level":"warn","ts":"2022-05-27T22:07:09.580Z","caller":"server/config.go:327","msg":"WARNING: insecure default parameter value, change this for production!","param":"runtime.http_key"}
{"level":"info","ts":"2022-05-27T22:07:09.580Z","caller":"main.go:103","msg":"Nakama starting"}
{"level":"info","ts":"2022-05-27T22:07:09.580Z","caller":"main.go:104","msg":"Node","name":"nakama1","version":"3.12.0+f5e935d6","runtime":"go1.18.2","cpu":12,"proc":12}
{"level":"info","ts":"2022-05-27T22:07:09.580Z","caller":"main.go:105","msg":"Data directory","path":"./data/"}
{"level":"info","ts":"2022-05-27T22:07:09.580Z","caller":"main.go:124","msg":"Database connections","dsns":["postgres:xxxxx@postgres:5432/nakama"]}
{"level":"debug","ts":"2022-05-27T22:07:09.581Z","caller":"server/db.go:61","msg":"Complete database connection URL","raw_url":"postgres://postgres:localdb@postgres:5432/nakama?sslmode=prefer"}
{"level":"info","ts":"2022-05-27T22:07:09.584Z","caller":"main.go:130","msg":"Database information","version":"PostgreSQL 12.2 on x86_64-pc-linux-musl, compiled by gcc (Alpine 9.2.0) 9.2.0, 64-bit"}
{"level":"info","ts":"2022-05-27T22:07:09.587Z","caller":"server/leaderboard_rank_cache.go:117","msg":"Initializing leaderboard rank cache"}
{"level":"info","ts":"2022-05-27T22:07:09.587Z","caller":"server/leaderboard_rank_cache.go:240","msg":"Leaderboard rank cache initialization completed successfully","cached":[],"skipped":[]}
{"level":"info","ts":"2022-05-27T22:07:09.588Z","caller":"server/runtime.go:571","msg":"Initialising runtime","path":"data/modules"}
{"level":"info","ts":"2022-05-27T22:07:09.588Z","caller":"server/runtime.go:578","msg":"Initialising runtime event queue processor"}
{"level":"info","ts":"2022-05-27T22:07:09.588Z","caller":"server/runtime.go:580","msg":"Runtime event queue processor started","size":65536,"workers":8}
{"level":"info","ts":"2022-05-27T22:07:09.588Z","caller":"server/runtime_go.go:2396","msg":"Initialising Go runtime provider","path":"data/modules"}
{"level":"info","ts":"2022-05-27T22:07:09.588Z","caller":"server/runtime_go.go:2420","msg":"Go runtime modules loaded"}
{"level":"info","ts":"2022-05-27T22:07:09.588Z","caller":"server/runtime_lua.go:110","msg":"Initialising Lua runtime provider","path":"data/modules"}
{"level":"info","ts":"2022-05-27T22:07:09.588Z","caller":"server/runtime_lua.go:1116","msg":"Lua runtime modules loaded"}
{"level":"info","ts":"2022-05-27T22:07:09.588Z","caller":"server/runtime_lua.go:1119","msg":"Allocating minimum Lua runtime pool","count":16}
{"level":"info","ts":"2022-05-27T22:07:09.588Z","caller":"server/runtime_lua.go:1127","msg":"Allocated minimum Lua runtime pool"}
{"level":"info","ts":"2022-05-27T22:07:09.588Z","caller":"server/runtime_javascript.go:578","msg":"Initialising JavaScript runtime provider","path":"data/modules","entrypoint":""}
{"level":"info","ts":"2022-05-27T22:07:09.588Z","caller":"server/runtime_javascript.go:1572","msg":"JavaScript runtime modules loaded"}
{"level":"info","ts":"2022-05-27T22:07:09.588Z","caller":"server/runtime_javascript.go:1575","msg":"Allocating minimum JavaScript runtime pool","count":16}
{"level":"info","ts":"2022-05-27T22:07:09.588Z","caller":"server/runtime_javascript.go:1583","msg":"Allocated minimum JavaScript runtime pool"}
{"level":"info","ts":"2022-05-27T22:07:09.588Z","caller":"server/runtime.go:613","msg":"Found runtime modules","count":0,"modules":[]}
{"level":"info","ts":"2022-05-27T22:07:09.589Z","caller":"server/leaderboard_scheduler.go:92","msg":"Leaderboard scheduler start"}
{"level":"info","ts":"2022-05-27T22:07:09.589Z","caller":"server/leaderboard_scheduler.go:279","msg":"Leaderboard scheduler update","end_active":"-1ns","end_active_count":0,"expiry":"-1ns","expiry_count":0}
{"level":"info","ts":"2022-05-27T22:07:09.589Z","caller":"server/api.go:131","msg":"Starting API server for gRPC requests","port":7349}
{"level":"info","ts":"2022-05-27T22:07:09.589Z","caller":"server/api.go:265","msg":"Starting API server gateway for HTTP requests","port":7350}
{"level":"info","ts":"2022-05-27T22:07:09.592Z","caller":"server/console.go:202","msg":"Starting Console server for gRPC requests","port":7348}
{"level":"info","ts":"2022-05-27T22:07:09.592Z","caller":"server/console.go:296","msg":"Starting Console server gateway for HTTP requests","port":7351}
{"level":"info","ts":"2022-05-27T22:07:09.680Z","caller":"main.go:184","msg":"Startup done"}
{"level":"info","ts":"2022-05-27T22:08:28.656Z","caller":"main.go:200","msg":"Shutdown started"}
{"level":"info","ts":"2022-05-27T22:08:28.656Z","caller":"main.go:207","msg":"All authoritative matches stopped"}
{"level":"info","ts":"2022-05-27T22:08:28.674Z","caller":"main.go:239","msg":"Shutdown complete"}
{"level":"warn","ts":"2022-05-27T22:08:59.201Z","caller":"server/config.go:307","msg":"WARNING: insecure default parameter value, change this for production!","param":"console.password"}
{"level":"warn","ts":"2022-05-27T22:08:59.202Z","caller":"server/config.go:311","msg":"WARNING: insecure default parameter value, change this for production!","param":"console.signing_key"}
{"level":"warn","ts":"2022-05-27T22:08:59.202Z","caller":"server/config.go:315","msg":"WARNING: insecure default parameter value, change this for production!","param":"socket.server_key"}
{"level":"warn","ts":"2022-05-27T22:08:59.202Z","caller":"server/config.go:319","msg":"WARNING: insecure default parameter value, change this for production!","param":"session.encryption_key"}
{"level":"warn","ts":"2022-05-27T22:08:59.202Z","caller":"server/config.go:323","msg":"WARNING: insecure default parameter value, change this for production!","param":"session.refresh_encryption_key"}
{"level":"warn","ts":"2022-05-27T22:08:59.202Z","caller":"server/config.go:327","msg":"WARNING: insecure default parameter value, change this for production!","param":"runtime.http_key"}
{"level":"info","ts":"2022-05-27T22:08:59.202Z","caller":"main.go:103","msg":"Nakama starting"}
{"level":"info","ts":"2022-05-27T22:08:59.202Z","caller":"main.go:104","msg":"Node","name":"nakama1","version":"3.12.0+f5e935d6","runtime":"go1.18.2","cpu":12,"proc":12}
{"level":"info","ts":"2022-05-27T22:08:59.202Z","caller":"main.go:105","msg":"Data directory","path":"./data/"}
{"level":"info","ts":"2022-05-27T22:08:59.202Z","caller":"main.go:124","msg":"Database connections","dsns":["postgres:xxxxx@postgres:5432/nakama"]}
{"level":"debug","ts":"2022-05-27T22:08:59.202Z","caller":"server/db.go:61","msg":"Complete database connection URL","raw_url":"postgres://postgres:localdb@postgres:5432/nakama?sslmode=prefer"}
{"level":"info","ts":"2022-05-27T22:08:59.205Z","caller":"main.go:130","msg":"Database information","version":"PostgreSQL 12.2 on x86_64-pc-linux-musl, compiled by gcc (Alpine 9.2.0) 9.2.0, 64-bit"}
{"level":"info","ts":"2022-05-27T22:08:59.208Z","caller":"server/leaderboard_rank_cache.go:117","msg":"Initializing leaderboard rank cache"}
{"level":"info","ts":"2022-05-27T22:08:59.208Z","caller":"server/leaderboard_rank_cache.go:240","msg":"Leaderboard rank cache initialization completed successfully","cached":[],"skipped":[]}
{"level":"info","ts":"2022-05-27T22:08:59.208Z","caller":"server/runtime.go:571","msg":"Initialising runtime","path":"data/modules"}
{"level":"info","ts":"2022-05-27T22:08:59.208Z","caller":"server/runtime.go:578","msg":"Initialising runtime event queue processor"}
{"level":"info","ts":"2022-05-27T22:08:59.208Z","caller":"server/runtime.go:580","msg":"Runtime event queue processor started","size":65536,"workers":8}
{"level":"info","ts":"2022-05-27T22:08:59.208Z","caller":"server/runtime_go.go:2396","msg":"Initialising Go runtime provider","path":"data/modules"}
{"level":"info","ts":"2022-05-27T22:08:59.208Z","caller":"server/runtime_go.go:2420","msg":"Go runtime modules loaded"}
{"level":"info","ts":"2022-05-27T22:08:59.208Z","caller":"server/runtime_lua.go:110","msg":"Initialising Lua runtime provider","path":"data/modules"}
{"level":"info","ts":"2022-05-27T22:08:59.208Z","caller":"server/runtime_lua.go:1116","msg":"Lua runtime modules loaded"}
{"level":"info","ts":"2022-05-27T22:08:59.208Z","caller":"server/runtime_lua.go:1119","msg":"Allocating minimum Lua runtime pool","count":16}
{"level":"info","ts":"2022-05-27T22:08:59.208Z","caller":"server/runtime_lua.go:1127","msg":"Allocated minimum Lua runtime pool"}
{"level":"info","ts":"2022-05-27T22:08:59.208Z","caller":"server/runtime_javascript.go:578","msg":"Initialising JavaScript runtime provider","path":"data/modules","entrypoint":""}
{"level":"info","ts":"2022-05-27T22:08:59.209Z","caller":"server/runtime_javascript.go:1572","msg":"JavaScript runtime modules loaded"}
{"level":"info","ts":"2022-05-27T22:08:59.209Z","caller":"server/runtime_javascript.go:1575","msg":"Allocating minimum JavaScript runtime pool","count":16}
{"level":"info","ts":"2022-05-27T22:08:59.209Z","caller":"server/runtime_javascript.go:1583","msg":"Allocated minimum JavaScript runtime pool"}
{"level":"info","ts":"2022-05-27T22:08:59.209Z","caller":"server/runtime.go:613","msg":"Found runtime modules","count":0,"modules":[]}
{"level":"info","ts":"2022-05-27T22:08:59.209Z","caller":"server/leaderboard_scheduler.go:92","msg":"Leaderboard scheduler start"}
{"level":"info","ts":"2022-05-27T22:08:59.209Z","caller":"server/leaderboard_scheduler.go:279","msg":"Leaderboard scheduler update","end_active":"-1ns","end_active_count":0,"expiry":"-1ns","expiry_count":0}
{"level":"info","ts":"2022-05-27T22:08:59.209Z","caller":"server/api.go:131","msg":"Starting API server for gRPC requests","port":7349}
{"level":"info","ts":"2022-05-27T22:08:59.209Z","caller":"server/api.go:265","msg":"Starting API server gateway for HTTP requests","port":7350}
{"level":"info","ts":"2022-05-27T22:08:59.212Z","caller":"server/console.go:202","msg":"Starting Console server for gRPC requests","port":7348}
{"level":"info","ts":"2022-05-27T22:08:59.212Z","caller":"server/console.go:296","msg":"Starting Console server gateway for HTTP requests","port":7351}
{"level":"info","ts":"2022-05-27T22:08:59.309Z","caller":"main.go:184","msg":"Startup done"}
{"level":"info","ts":"2022-05-27T22:13:13.083Z","caller":"main.go:200","msg":"Shutdown started"}
{"level":"info","ts":"2022-05-27T22:13:13.083Z","caller":"main.go:207","msg":"All authoritative matches stopped"}
{"level":"info","ts":"2022-05-27T22:13:13.129Z","caller":"main.go:239","msg":"Shutdown complete"}
{"level":"warn","ts":"2022-05-27T22:13:21.629Z","caller":"server/config.go:307","msg":"WARNING: insecure default parameter value, change this for production!","param":"console.password"}
{"level":"warn","ts":"2022-05-27T22:13:21.630Z","caller":"server/config.go:311","msg":"WARNING: insecure default parameter value, change this for production!","param":"console.signing_key"}
{"level":"warn","ts":"2022-05-27T22:13:21.630Z","caller":"server/config.go:315","msg":"WARNING: insecure default parameter value, change this for production!","param":"socket.server_key"}
{"level":"warn","ts":"2022-05-27T22:13:21.630Z","caller":"server/config.go:319","msg":"WARNING: insecure default parameter value, change this for production!","param":"session.encryption_key"}
{"level":"warn","ts":"2022-05-27T22:13:21.630Z","caller":"server/config.go:323","msg":"WARNING: insecure default parameter value, change this for production!","param":"session.refresh_encryption_key"}
{"level":"warn","ts":"2022-05-27T22:13:21.630Z","caller":"server/config.go:327","msg":"WARNING: insecure default parameter value, change this for production!","param":"runtime.http_key"}
{"level":"info","ts":"2022-05-27T22:13:21.630Z","caller":"main.go:103","msg":"Nakama starting"}
{"level":"info","ts":"2022-05-27T22:13:21.630Z","caller":"main.go:104","msg":"Node","name":"nakama1","version":"3.12.0+f5e935d6","runtime":"go1.18.2","cpu":12,"proc":12}
{"level":"info","ts":"2022-05-27T22:13:21.630Z","caller":"main.go:105","msg":"Data directory","path":"./data/"}
{"level":"info","ts":"2022-05-27T22:13:21.630Z","caller":"main.go:124","msg":"Database connections","dsns":["postgres:xxxxx@postgres:5432/nakama"]}
{"level":"debug","ts":"2022-05-27T22:13:21.630Z","caller":"server/db.go:61","msg":"Complete database connection URL","raw_url":"postgres://postgres:localdb@postgres:5432/nakama?sslmode=prefer"}
{"level":"info","ts":"2022-05-27T22:13:21.633Z","caller":"main.go:130","msg":"Database information","version":"PostgreSQL 12.2 on x86_64-pc-linux-musl, compiled by gcc (Alpine 9.2.0) 9.2.0, 64-bit"}
{"level":"info","ts":"2022-05-27T22:13:21.637Z","caller":"server/leaderboard_rank_cache.go:117","msg":"Initializing leaderboard rank cache"}
{"level":"info","ts":"2022-05-27T22:13:21.637Z","caller":"server/leaderboard_rank_cache.go:240","msg":"Leaderboard rank cache initialization completed successfully","cached":[],"skipped":[]}
{"level":"info","ts":"2022-05-27T22:13:21.637Z","caller":"server/runtime.go:571","msg":"Initialising runtime","path":"data/modules"}
{"level":"info","ts":"2022-05-27T22:13:21.637Z","caller":"server/runtime.go:578","msg":"Initialising runtime event queue processor"}
{"level":"info","ts":"2022-05-27T22:13:21.637Z","caller":"server/runtime.go:580","msg":"Runtime event queue processor started","size":65536,"workers":8}
{"level":"info","ts":"2022-05-27T22:13:21.637Z","caller":"server/runtime_go.go:2396","msg":"Initialising Go runtime provider","path":"data/modules"}
{"level":"info","ts":"2022-05-27T22:13:21.637Z","caller":"server/runtime_go.go:2420","msg":"Go runtime modules loaded"}
{"level":"info","ts":"2022-05-27T22:13:21.637Z","caller":"server/runtime_lua.go:110","msg":"Initialising Lua runtime provider","path":"data/modules"}
{"level":"info","ts":"2022-05-27T22:13:21.637Z","caller":"server/runtime_lua.go:1116","msg":"Lua runtime modules loaded"}
{"level":"info","ts":"2022-05-27T22:13:21.637Z","caller":"server/runtime_lua.go:1119","msg":"Allocating minimum Lua runtime pool","count":16}
{"level":"info","ts":"2022-05-27T22:13:21.637Z","caller":"server/runtime_lua.go:1127","msg":"Allocated minimum Lua runtime pool"}
{"level":"info","ts":"2022-05-27T22:13:21.637Z","caller":"server/runtime_javascript.go:578","msg":"Initialising JavaScript runtime provider","path":"data/modules","entrypoint":""}
{"level":"info","ts":"2022-05-27T22:13:21.638Z","caller":"server/runtime_javascript.go:1572","msg":"JavaScript runtime modules loaded"}
{"level":"info","ts":"2022-05-27T22:13:21.638Z","caller":"server/runtime_javascript.go:1575","msg":"Allocating minimum JavaScript runtime pool","count":16}
{"level":"info","ts":"2022-05-27T22:13:21.638Z","caller":"server/runtime_javascript.go:1583","msg":"Allocated minimum JavaScript runtime pool"}
{"level":"info","ts":"2022-05-27T22:13:21.638Z","caller":"server/runtime.go:613","msg":"Found runtime modules","count":0,"modules":[]}
{"level":"info","ts":"2022-05-27T22:13:21.638Z","caller":"server/leaderboard_scheduler.go:92","msg":"Leaderboard scheduler start"}
{"level":"info","ts":"2022-05-27T22:13:21.638Z","caller":"server/leaderboard_scheduler.go:279","msg":"Leaderboard scheduler update","end_active":"-1ns","end_active_count":0,"expiry":"-1ns","expiry_count":0}
{"level":"info","ts":"2022-05-27T22:13:21.638Z","caller":"server/api.go:131","msg":"Starting API server for gRPC requests","port":7349}
{"level":"info","ts":"2022-05-27T22:13:21.639Z","caller":"server/api.go:265","msg":"Starting API server gateway for HTTP requests","port":7350}
{"level":"info","ts":"2022-05-27T22:13:21.641Z","caller":"server/console.go:202","msg":"Starting Console server for gRPC requests","port":7348}
{"level":"info","ts":"2022-05-27T22:13:21.641Z","caller":"server/console.go:296","msg":"Starting Console server gateway for HTTP requests","port":7351}
{"level":"info","ts":"2022-05-27T22:13:21.732Z","caller":"main.go:184","msg":"Startup done"}
{"level":"info","ts":"2022-05-27T23:21:45.986Z","caller":"main.go:200","msg":"Shutdown started"}
{"level":"info","ts":"2022-05-27T23:21:45.986Z","caller":"main.go:207","msg":"All authoritative matches stopped"}
{"level":"info","ts":"2022-05-27T23:21:46.045Z","caller":"main.go:239","msg":"Shutdown complete"}
{"level":"warn","ts":"2022-05-30T17:49:10.858Z","caller":"server/config.go:307","msg":"WARNING: insecure default parameter value, change this for production!","param":"console.password"}
{"level":"warn","ts":"2022-05-30T17:49:10.858Z","caller":"server/config.go:311","msg":"WARNING: insecure default parameter value, change this for production!","param":"console.signing_key"}
{"level":"warn","ts":"2022-05-30T17:49:10.858Z","caller":"server/config.go:315","msg":"WARNING: insecure default parameter value, change this for production!","param":"socket.server_key"}
{"level":"warn","ts":"2022-05-30T17:49:10.858Z","caller":"server/config.go:319","msg":"WARNING: insecure default parameter value, change this for production!","param":"session.encryption_key"}
{"level":"warn","ts":"2022-05-30T17:49:10.858Z","caller":"server/config.go:323","msg":"WARNING: insecure default parameter value, change this for production!","param":"session.refresh_encryption_key"}
{"level":"warn","ts":"2022-05-30T17:49:10.858Z","caller":"server/config.go:327","msg":"WARNING: insecure default parameter value, change this for production!","param":"runtime.http_key"}
{"level":"info","ts":"2022-05-30T17:49:10.858Z","caller":"main.go:103","msg":"Nakama starting"}
{"level":"info","ts":"2022-05-30T17:49:10.858Z","caller":"main.go:104","msg":"Node","name":"nakama1","version":"3.12.0+f5e935d6","runtime":"go1.18.2","cpu":12,"proc":12}
{"level":"info","ts":"2022-05-30T17:49:10.858Z","caller":"main.go:105","msg":"Data directory","path":"./data/"}
{"level":"info","ts":"2022-05-30T17:49:10.858Z","caller":"main.go:124","msg":"Database connections","dsns":["postgres:xxxxx@postgres:5432/nakama"]}
{"level":"debug","ts":"2022-05-30T17:49:10.860Z","caller":"server/db.go:61","msg":"Complete database connection URL","raw_url":"postgres://postgres:localdb@postgres:5432/nakama?sslmode=prefer"}
{"level":"info","ts":"2022-05-30T17:49:10.866Z","caller":"main.go:130","msg":"Database information","version":"PostgreSQL 12.2 on x86_64-pc-linux-musl, compiled by gcc (Alpine 9.2.0) 9.2.0, 64-bit"}
{"level":"info","ts":"2022-05-30T17:49:10.873Z","caller":"server/leaderboard_rank_cache.go:117","msg":"Initializing leaderboard rank cache"}
{"level":"info","ts":"2022-05-30T17:49:10.873Z","caller":"server/leaderboard_rank_cache.go:240","msg":"Leaderboard rank cache initialization completed successfully","cached":[],"skipped":[]}
{"level":"info","ts":"2022-05-30T17:49:10.874Z","caller":"server/runtime.go:571","msg":"Initialising runtime","path":"data/modules"}
{"level":"info","ts":"2022-05-30T17:49:10.874Z","caller":"server/runtime.go:578","msg":"Initialising runtime event queue processor"}
{"level":"info","ts":"2022-05-30T17:49:10.875Z","caller":"server/runtime.go:580","msg":"Runtime event queue processor started","size":65536,"workers":8}
{"level":"info","ts":"2022-05-30T17:49:10.875Z","caller":"server/runtime_go.go:2396","msg":"Initialising Go runtime provider","path":"data/modules"}
{"level":"info","ts":"2022-05-30T17:49:10.875Z","caller":"server/runtime_go.go:2420","msg":"Go runtime modules loaded"}
{"level":"info","ts":"2022-05-30T17:49:10.875Z","caller":"server/runtime_lua.go:110","msg":"Initialising Lua runtime provider","path":"data/modules"}
{"level":"info","ts":"2022-05-30T17:49:10.877Z","caller":"server/runtime_lua.go:1116","msg":"Lua runtime modules loaded"}
{"level":"info","ts":"2022-05-30T17:49:10.877Z","caller":"server/runtime_lua.go:1119","msg":"Allocating minimum Lua runtime pool","count":16}
{"level":"info","ts":"2022-05-30T17:49:10.877Z","caller":"server/runtime_lua.go:1127","msg":"Allocated minimum Lua runtime pool"}
{"level":"info","ts":"2022-05-30T17:49:10.877Z","caller":"server/runtime_javascript.go:578","msg":"Initialising JavaScript runtime provider","path":"data/modules","entrypoint":""}
{"level":"info","ts":"2022-05-30T17:49:10.881Z","caller":"server/runtime_javascript.go:1572","msg":"JavaScript runtime modules loaded"}
{"level":"info","ts":"2022-05-30T17:49:10.881Z","caller":"server/runtime_javascript.go:1575","msg":"Allocating minimum JavaScript runtime pool","count":16}
{"level":"info","ts":"2022-05-30T17:49:10.881Z","caller":"server/runtime_javascript.go:1583","msg":"Allocated minimum JavaScript runtime pool"}
{"level":"info","ts":"2022-05-30T17:49:10.881Z","caller":"server/runtime.go:613","msg":"Found runtime modules","count":0,"modules":[]}
{"level":"info","ts":"2022-05-30T17:49:10.881Z","caller":"server/leaderboard_scheduler.go:92","msg":"Leaderboard scheduler start"}
{"level":"info","ts":"2022-05-30T17:49:10.881Z","caller":"server/leaderboard_scheduler.go:279","msg":"Leaderboard scheduler update","end_active":"-1ns","end_active_count":0,"expiry":"-1ns","expiry_count":0}
{"level":"info","ts":"2022-05-30T17:49:10.882Z","caller":"server/api.go:131","msg":"Starting API server for gRPC requests","port":7349}
{"level":"info","ts":"2022-05-30T17:49:10.883Z","caller":"server/api.go:265","msg":"Starting API server gateway for HTTP requests","port":7350}
{"level":"info","ts":"2022-05-30T17:49:10.886Z","caller":"server/console.go:202","msg":"Starting Console server for gRPC requests","port":7348}
{"level":"info","ts":"2022-05-30T17:49:10.887Z","caller":"server/console.go:296","msg":"Starting Console server gateway for HTTP requests","port":7351}
{"level":"info","ts":"2022-05-30T17:49:11.040Z","caller":"main.go:184","msg":"Startup done"}
{"level":"info","ts":"2022-05-30T19:23:48.879Z","caller":"main.go:200","msg":"Shutdown started"}
{"level":"info","ts":"2022-05-30T19:23:48.881Z","caller":"main.go:207","msg":"All authoritative matches stopped"}
{"level":"info","ts":"2022-05-30T19:23:48.957Z","caller":"main.go:239","msg":"Shutdown complete"}
{"level":"warn","ts":"2022-05-31T09:34:21.629Z","caller":"server/config.go:307","msg":"WARNING: insecure default parameter value, change this for production!","param":"console.password"}
{"level":"warn","ts":"2022-05-31T09:34:21.629Z","caller":"server/config.go:311","msg":"WARNING: insecure default parameter value, change this for production!","param":"console.signing_key"}
{"level":"warn","ts":"2022-05-31T09:34:21.629Z","caller":"server/config.go:315","msg":"WARNING: insecure default parameter value, change this for production!","param":"socket.server_key"}
{"level":"warn","ts":"2022-05-31T09:34:21.629Z","caller":"server/config.go:319","msg":"WARNING: insecure default parameter value, change this for production!","param":"session.encryption_key"}
{"level":"warn","ts":"2022-05-31T09:34:21.629Z","caller":"server/config.go:323","msg":"WARNING: insecure default parameter value, change this for production!","param":"session.refresh_encryption_key"}
{"level":"warn","ts":"2022-05-31T09:34:21.629Z","caller":"server/config.go:327","msg":"WARNING: insecure default parameter value, change this for production!","param":"runtime.http_key"}
{"level":"info","ts":"2022-05-31T09:34:21.629Z","caller":"main.go:103","msg":"Nakama starting"}
{"level":"info","ts":"2022-05-31T09:34:21.629Z","caller":"main.go:104","msg":"Node","name":"nakama1","version":"3.12.0+f5e935d6","runtime":"go1.18.2","cpu":12,"proc":12}
{"level":"info","ts":"2022-05-31T09:34:21.629Z","caller":"main.go:105","msg":"Data directory","path":"./data/"}
{"level":"info","ts":"2022-05-31T09:34:21.629Z","caller":"main.go:124","msg":"Database connections","dsns":["postgres:xxxxx@postgres:5432/nakama"]}
{"level":"debug","ts":"2022-05-31T09:34:21.630Z","caller":"server/db.go:61","msg":"Complete database connection URL","raw_url":"postgres://postgres:localdb@postgres:5432/nakama?sslmode=prefer"}
{"level":"info","ts":"2022-05-31T09:34:21.633Z","caller":"main.go:130","msg":"Database information","version":"PostgreSQL 12.2 on x86_64-pc-linux-musl, compiled by gcc (Alpine 9.2.0) 9.2.0, 64-bit"}
{"level":"info","ts":"2022-05-31T09:34:21.639Z","caller":"server/leaderboard_rank_cache.go:117","msg":"Initializing leaderboard rank cache"}
{"level":"info","ts":"2022-05-31T09:34:21.639Z","caller":"server/leaderboard_rank_cache.go:240","msg":"Leaderboard rank cache initialization completed successfully","cached":[],"skipped":[]}
{"level":"info","ts":"2022-05-31T09:34:21.640Z","caller":"server/runtime.go:571","msg":"Initialising runtime","path":"data/modules"}
{"level":"info","ts":"2022-05-31T09:34:21.640Z","caller":"server/runtime.go:578","msg":"Initialising runtime event queue processor"}
{"level":"info","ts":"2022-05-31T09:34:21.640Z","caller":"server/runtime.go:580","msg":"Runtime event queue processor started","size":65536,"workers":8}
{"level":"info","ts":"2022-05-31T09:34:21.641Z","caller":"server/runtime_go.go:2396","msg":"Initialising Go runtime provider","path":"data/modules"}
{"level":"info","ts":"2022-05-31T09:34:21.641Z","caller":"server/runtime_go.go:2420","msg":"Go runtime modules loaded"}
{"level":"info","ts":"2022-05-31T09:34:21.641Z","caller":"server/runtime_lua.go:110","msg":"Initialising Lua runtime provider","path":"data/modules"}
{"level":"info","ts":"2022-05-31T09:34:21.642Z","caller":"server/runtime_lua.go:1116","msg":"Lua runtime modules loaded"}
{"level":"info","ts":"2022-05-31T09:34:21.642Z","caller":"server/runtime_lua.go:1119","msg":"Allocating minimum Lua runtime pool","count":16}
{"level":"info","ts":"2022-05-31T09:34:21.642Z","caller":"server/runtime_lua.go:1127","msg":"Allocated minimum Lua runtime pool"}
{"level":"info","ts":"2022-05-31T09:34:21.643Z","caller":"server/runtime_javascript.go:578","msg":"Initialising JavaScript runtime provider","path":"data/modules","entrypoint":""}
{"level":"info","ts":"2022-05-31T09:34:21.647Z","caller":"server/runtime_javascript.go:1572","msg":"JavaScript runtime modules loaded"}
{"level":"info","ts":"2022-05-31T09:34:21.647Z","caller":"server/runtime_javascript.go:1575","msg":"Allocating minimum JavaScript runtime pool","count":16}
{"level":"info","ts":"2022-05-31T09:34:21.647Z","caller":"server/runtime_javascript.go:1583","msg":"Allocated minimum JavaScript runtime pool"}
{"level":"info","ts":"2022-05-31T09:34:21.647Z","caller":"server/runtime.go:613","msg":"Found runtime modules","count":0,"modules":[]}
{"level":"info","ts":"2022-05-31T09:34:21.648Z","caller":"server/leaderboard_scheduler.go:92","msg":"Leaderboard scheduler start"}
{"level":"info","ts":"2022-05-31T09:34:21.648Z","caller":"server/leaderboard_scheduler.go:279","msg":"Leaderboard scheduler update","end_active":"-1ns","end_active_count":0,"expiry":"-1ns","expiry_count":0}
{"level":"info","ts":"2022-05-31T09:34:21.648Z","caller":"server/api.go:131","msg":"Starting API server for gRPC requests","port":7349}
{"level":"info","ts":"2022-05-31T09:34:21.648Z","caller":"server/api.go:265","msg":"Starting API server gateway for HTTP requests","port":7350}
{"level":"info","ts":"2022-05-31T09:34:21.652Z","caller":"server/console.go:202","msg":"Starting Console server for gRPC requests","port":7348}
{"level":"info","ts":"2022-05-31T09:34:21.653Z","caller":"server/console.go:296","msg":"Starting Console server gateway for HTTP requests","port":7351}
{"level":"info","ts":"2022-05-31T09:34:21.791Z","caller":"main.go:184","msg":"Startup done"}
{"level":"debug","ts":"2022-05-31T16:36:02.022Z","caller":"server/db.go:183","msg":"Error resolving database address, using previously resolved address","host":"postgres","error":"lookup postgres on 127.0.0.11:53: dial udp 127.0.0.11:53: i/o timeout"}
{"level":"warn","ts":"2022-05-31T17:22:06.508Z","caller":"server/config.go:307","msg":"WARNING: insecure default parameter value, change this for production!","param":"console.password"}
{"level":"warn","ts":"2022-05-31T17:22:06.508Z","caller":"server/config.go:311","msg":"WARNING: insecure default parameter value, change this for production!","param":"console.signing_key"}
{"level":"warn","ts":"2022-05-31T17:22:06.508Z","caller":"server/config.go:315","msg":"WARNING: insecure default parameter value, change this for production!","param":"socket.server_key"}
{"level":"warn","ts":"2022-05-31T17:22:06.508Z","caller":"server/config.go:319","msg":"WARNING: insecure default parameter value, change this for production!","param":"session.encryption_key"}
{"level":"warn","ts":"2022-05-31T17:22:06.508Z","caller":"server/config.go:323","msg":"WARNING: insecure default parameter value, change this for production!","param":"session.refresh_encryption_key"}
{"level":"warn","ts":"2022-05-31T17:22:06.508Z","caller":"server/config.go:327","msg":"WARNING: insecure default parameter value, change this for production!","param":"runtime.http_key"}
{"level":"info","ts":"2022-05-31T17:22:06.509Z","caller":"main.go:103","msg":"Nakama starting"}
{"level":"info","ts":"2022-05-31T17:22:06.509Z","caller":"main.go:104","msg":"Node","name":"nakama1","version":"3.12.0+f5e935d6","runtime":"go1.18.2","cpu":12,"proc":12}
{"level":"info","ts":"2022-05-31T17:22:06.509Z","caller":"main.go:105","msg":"Data directory","path":"./data/"}
{"level":"info","ts":"2022-05-31T17:22:06.509Z","caller":"main.go:124","msg":"Database connections","dsns":["postgres:xxxxx@postgres:5432/nakama"]}
{"level":"debug","ts":"2022-05-31T17:22:06.510Z","caller":"server/db.go:61","msg":"Complete database connection URL","raw_url":"postgres://postgres:localdb@postgres:5432/nakama?sslmode=prefer"}
{"level":"info","ts":"2022-05-31T17:22:06.513Z","caller":"main.go:130","msg":"Database information","version":"PostgreSQL 12.2 on x86_64-pc-linux-musl, compiled by gcc (Alpine 9.2.0) 9.2.0, 64-bit"}
{"level":"info","ts":"2022-05-31T17:22:06.518Z","caller":"server/leaderboard_rank_cache.go:117","msg":"Initializing leaderboard rank cache"}
{"level":"info","ts":"2022-05-31T17:22:06.518Z","caller":"server/leaderboard_rank_cache.go:240","msg":"Leaderboard rank cache initialization completed successfully","cached":[],"skipped":[]}
{"level":"info","ts":"2022-05-31T17:22:06.519Z","caller":"server/runtime.go:571","msg":"Initialising runtime","path":"data/modules"}
{"level":"info","ts":"2022-05-31T17:22:06.519Z","caller":"server/runtime.go:578","msg":"Initialising runtime event queue processor"}
{"level":"info","ts":"2022-05-31T17:22:06.519Z","caller":"server/runtime.go:580","msg":"Runtime event queue processor started","size":65536,"workers":8}
{"level":"info","ts":"2022-05-31T17:22:06.520Z","caller":"server/runtime_go.go:2396","msg":"Initialising Go runtime provider","path":"data/modules"}
{"level":"info","ts":"2022-05-31T17:22:06.520Z","caller":"server/runtime_go.go:2420","msg":"Go runtime modules loaded"}
{"level":"info","ts":"2022-05-31T17:22:06.520Z","caller":"server/runtime_lua.go:110","msg":"Initialising Lua runtime provider","path":"data/modules"}
{"level":"info","ts":"2022-05-31T17:22:06.521Z","caller":"server/runtime_lua.go:1116","msg":"Lua runtime modules loaded"}
{"level":"info","ts":"2022-05-31T17:22:06.522Z","caller":"server/runtime_lua.go:1119","msg":"Allocating minimum Lua runtime pool","count":16}
{"level":"info","ts":"2022-05-31T17:22:06.522Z","caller":"server/runtime_lua.go:1127","msg":"Allocated minimum Lua runtime pool"}
{"level":"info","ts":"2022-05-31T17:22:06.522Z","caller":"server/runtime_javascript.go:578","msg":"Initialising JavaScript runtime provider","path":"data/modules","entrypoint":""}
{"level":"info","ts":"2022-05-31T17:22:06.527Z","caller":"server/runtime_javascript.go:1572","msg":"JavaScript runtime modules loaded"}
{"level":"info","ts":"2022-05-31T17:22:06.527Z","caller":"server/runtime_javascript.go:1575","msg":"Allocating minimum JavaScript runtime pool","count":16}
{"level":"info","ts":"2022-05-31T17:22:06.527Z","caller":"server/runtime_javascript.go:1583","msg":"Allocated minimum JavaScript runtime pool"}
{"level":"info","ts":"2022-05-31T17:22:06.527Z","caller":"server/runtime.go:613","msg":"Found runtime modules","count":0,"modules":[]}
{"level":"info","ts":"2022-05-31T17:22:06.527Z","caller":"server/leaderboard_scheduler.go:92","msg":"Leaderboard scheduler start"}
{"level":"info","ts":"2022-05-31T17:22:06.527Z","caller":"server/leaderboard_scheduler.go:279","msg":"Leaderboard scheduler update","end_active":"-1ns","end_active_count":0,"expiry":"-1ns","expiry_count":0}
{"level":"info","ts":"2022-05-31T17:22:06.527Z","caller":"server/api.go:131","msg":"Starting API server for gRPC requests","port":7349}
{"level":"info","ts":"2022-05-31T17:22:06.528Z","caller":"server/api.go:265","msg":"Starting API server gateway for HTTP requests","port":7350}
{"level":"info","ts":"2022-05-31T17:22:06.531Z","caller":"server/console.go:202","msg":"Starting Console server for gRPC requests","port":7348}
{"level":"info","ts":"2022-05-31T17:22:06.532Z","caller":"server/console.go:296","msg":"Starting Console server gateway for HTTP requests","port":7351}
{"level":"info","ts":"2022-05-31T17:22:06.676Z","caller":"main.go:184","msg":"Startup done"}
{"level":"warn","ts":"2022-06-01T10:08:54.080Z","caller":"server/config.go:307","msg":"WARNING: insecure default parameter value, change this for production!","param":"console.password"}
{"level":"warn","ts":"2022-06-01T10:08:54.080Z","caller":"server/config.go:311","msg":"WARNING: insecure default parameter value, change this for production!","param":"console.signing_key"}
{"level":"warn","ts":"2022-06-01T10:08:54.080Z","caller":"server/config.go:315","msg":"WARNING: insecure default parameter value, change this for production!","param":"socket.server_key"}
{"level":"warn","ts":"2022-06-01T10:08:54.081Z","caller":"server/config.go:319","msg":"WARNING: insecure default parameter value, change this for production!","param":"session.encryption_key"}
{"level":"warn","ts":"2022-06-01T10:08:54.081Z","caller":"server/config.go:323","msg":"WARNING: insecure default parameter value, change this for production!","param":"session.refresh_encryption_key"}
{"level":"warn","ts":"2022-06-01T10:08:54.081Z","caller":"server/config.go:327","msg":"WARNING: insecure default parameter value, change this for production!","param":"runtime.http_key"}
{"level":"info","ts":"2022-06-01T10:08:54.081Z","caller":"main.go:103","msg":"Nakama starting"}
{"level":"info","ts":"2022-06-01T10:08:54.081Z","caller":"main.go:104","msg":"Node","name":"nakama1","version":"3.12.0+f5e935d6","runtime":"go1.18.2","cpu":12,"proc":12}
{"level":"info","ts":"2022-06-01T10:08:54.081Z","caller":"main.go:105","msg":"Data directory","path":"./data/"}
{"level":"info","ts":"2022-06-01T10:08:54.081Z","caller":"main.go:124","msg":"Database connections","dsns":["postgres:xxxxx@postgres:5432/nakama"]}
{"level":"debug","ts":"2022-06-01T10:08:54.083Z","caller":"server/db.go:61","msg":"Complete database connection URL","raw_url":"postgres://postgres:localdb@postgres:5432/nakama?sslmode=prefer"}
{"level":"info","ts":"2022-06-01T10:08:54.086Z","caller":"main.go:130","msg":"Database information","version":"PostgreSQL 12.2 on x86_64-pc-linux-musl, compiled by gcc (Alpine 9.2.0) 9.2.0, 64-bit"}
{"level":"info","ts":"2022-06-01T10:08:54.092Z","caller":"server/leaderboard_rank_cache.go:117","msg":"Initializing leaderboard rank cache"}
{"level":"info","ts":"2022-06-01T10:08:54.092Z","caller":"server/leaderboard_rank_cache.go:240","msg":"Leaderboard rank cache initialization completed successfully","cached":[],"skipped":[]}
{"level":"info","ts":"2022-06-01T10:08:54.094Z","caller":"server/runtime.go:571","msg":"Initialising runtime","path":"data/modules"}
{"level":"info","ts":"2022-06-01T10:08:54.094Z","caller":"server/runtime.go:578","msg":"Initialising runtime event queue processor"}
{"level":"info","ts":"2022-06-01T10:08:54.094Z","caller":"server/runtime.go:580","msg":"Runtime event queue processor started","size":65536,"workers":8}
{"level":"info","ts":"2022-06-01T10:08:54.095Z","caller":"server/runtime_go.go:2396","msg":"Initialising Go runtime provider","path":"data/modules"}
{"level":"info","ts":"2022-06-01T10:08:54.095Z","caller":"server/runtime_go.go:2420","msg":"Go runtime modules loaded"}
{"level":"info","ts":"2022-06-01T10:08:54.095Z","caller":"server/runtime_lua.go:110","msg":"Initialising Lua runtime provider","path":"data/modules"}
{"level":"info","ts":"2022-06-01T10:08:54.097Z","caller":"server/runtime_lua.go:1116","msg":"Lua runtime modules loaded"}
{"level":"info","ts":"2022-06-01T10:08:54.097Z","caller":"server/runtime_lua.go:1119","msg":"Allocating minimum Lua runtime pool","count":16}
{"level":"info","ts":"2022-06-01T10:08:54.097Z","caller":"server/runtime_lua.go:1127","msg":"Allocated minimum Lua runtime pool"}
{"level":"info","ts":"2022-06-01T10:08:54.097Z","caller":"server/runtime_javascript.go:578","msg":"Initialising JavaScript runtime provider","path":"data/modules","entrypoint":""}
{"level":"info","ts":"2022-06-01T10:08:54.102Z","caller":"server/runtime_javascript.go:1572","msg":"JavaScript runtime modules loaded"}
{"level":"info","ts":"2022-06-01T10:08:54.102Z","caller":"server/runtime_javascript.go:1575","msg":"Allocating minimum JavaScript runtime pool","count":16}
{"level":"info","ts":"2022-06-01T10:08:54.102Z","caller":"server/runtime_javascript.go:1583","msg":"Allocated minimum JavaScript runtime pool"}
{"level":"info","ts":"2022-06-01T10:08:54.102Z","caller":"server/runtime.go:613","msg":"Found runtime modules","count":0,"modules":[]}
{"level":"info","ts":"2022-06-01T10:08:54.102Z","caller":"server/leaderboard_scheduler.go:92","msg":"Leaderboard scheduler start"}
{"level":"info","ts":"2022-06-01T10:08:54.102Z","caller":"server/leaderboard_scheduler.go:279","msg":"Leaderboard scheduler update","end_active":"-1ns","end_active_count":0,"expiry":"-1ns","expiry_count":0}
{"level":"info","ts":"2022-06-01T10:08:54.102Z","caller":"server/api.go:131","msg":"Starting API server for gRPC requests","port":7349}
{"level":"info","ts":"2022-06-01T10:08:54.104Z","caller":"server/api.go:265","msg":"Starting API server gateway for HTTP requests","port":7350}
{"level":"info","ts":"2022-06-01T10:08:54.109Z","caller":"server/console.go:202","msg":"Starting Console server for gRPC requests","port":7348}
{"level":"info","ts":"2022-06-01T10:08:54.110Z","caller":"server/console.go:296","msg":"Starting Console server gateway for HTTP requests","port":7351}
{"level":"info","ts":"2022-06-01T10:08:54.255Z","caller":"main.go:184","msg":"Startup done"}
{"level":"info","ts":"2022-06-01T14:13:43.118Z","caller":"main.go:200","msg":"Shutdown started"}
{"level":"info","ts":"2022-06-01T14:13:43.124Z","caller":"main.go:207","msg":"All authoritative matches stopped"}
{"level":"info","ts":"2022-06-01T14:13:43.216Z","caller":"main.go:239","msg":"Shutdown complete"}
{"level":"warn","ts":"2022-06-01T16:08:58.496Z","caller":"server/config.go:307","msg":"WARNING: insecure default parameter value, change this for production!","param":"console.password"}
{"level":"warn","ts":"2022-06-01T16:08:58.497Z","caller":"server/config.go:311","msg":"WARNING: insecure default parameter value, change this for production!","param":"console.signing_key"}
{"level":"warn","ts":"2022-06-01T16:08:58.497Z","caller":"server/config.go:315","msg":"WARNING: insecure default parameter value, change this for production!","param":"socket.server_key"}
{"level":"warn","ts":"2022-06-01T16:08:58.497Z","caller":"server/config.go:319","msg":"WARNING: insecure default parameter value, change this for production!","param":"session.encryption_key"}
{"level":"warn","ts":"2022-06-01T16:08:58.497Z","caller":"server/config.go:323","msg":"WARNING: insecure default parameter value, change this for production!","param":"session.refresh_encryption_key"}
{"level":"warn","ts":"2022-06-01T16:08:58.497Z","caller":"server/config.go:327","msg":"WARNING: insecure default parameter value, change this for production!","param":"runtime.http_key"}
{"level":"info","ts":"2022-06-01T16:08:58.497Z","caller":"main.go:103","msg":"Nakama starting"}
{"level":"info","ts":"2022-06-01T16:08:58.497Z","caller":"main.go:104","msg":"Node","name":"nakama1","version":"3.12.0+f5e935d6","runtime":"go1.18.2","cpu":12,"proc":12}
{"level":"info","ts":"2022-06-01T16:08:58.497Z","caller":"main.go:105","msg":"Data directory","path":"./data/"}
{"level":"info","ts":"2022-06-01T16:08:58.497Z","caller":"main.go:124","msg":"Database connections","dsns":["postgres:xxxxx@postgres:5432/nakama"]}
{"level":"debug","ts":"2022-06-01T16:08:58.498Z","caller":"server/db.go:61","msg":"Complete database connection URL","raw_url":"postgres://postgres:localdb@postgres:5432/nakama?sslmode=prefer"}
{"level":"info","ts":"2022-06-01T16:08:58.503Z","caller":"main.go:130","msg":"Database information","version":"PostgreSQL 12.2 on x86_64-pc-linux-musl, compiled by gcc (Alpine 9.2.0) 9.2.0, 64-bit"}
{"level":"info","ts":"2022-06-01T16:08:58.509Z","caller":"server/leaderboard_rank_cache.go:117","msg":"Initializing leaderboard rank cache"}
{"level":"info","ts":"2022-06-01T16:08:58.509Z","caller":"server/leaderboard_rank_cache.go:240","msg":"Leaderboard rank cache initialization completed successfully","cached":[],"skipped":[]}
{"level":"info","ts":"2022-06-01T16:08:58.511Z","caller":"server/runtime.go:571","msg":"Initialising runtime","path":"data/modules"}
{"level":"info","ts":"2022-06-01T16:08:58.511Z","caller":"server/runtime.go:578","msg":"Initialising runtime event queue processor"}
{"level":"info","ts":"2022-06-01T16:08:58.511Z","caller":"server/runtime.go:580","msg":"Runtime event queue processor started","size":65536,"workers":8}
{"level":"info","ts":"2022-06-01T16:08:58.511Z","caller":"server/runtime_go.go:2396","msg":"Initialising Go runtime provider","path":"data/modules"}
{"level":"info","ts":"2022-06-01T16:08:58.511Z","caller":"server/runtime_go.go:2420","msg":"Go runtime modules loaded"}
{"level":"info","ts":"2022-06-01T16:08:58.512Z","caller":"server/runtime_lua.go:110","msg":"Initialising Lua runtime provider","path":"data/modules"}
{"level":"info","ts":"2022-06-01T16:08:58.513Z","caller":"server/runtime_lua.go:1116","msg":"Lua runtime modules loaded"}
{"level":"info","ts":"2022-06-01T16:08:58.513Z","caller":"server/runtime_lua.go:1119","msg":"Allocating minimum Lua runtime pool","count":16}
{"level":"info","ts":"2022-06-01T16:08:58.513Z","caller":"server/runtime_lua.go:1127","msg":"Allocated minimum Lua runtime pool"}
{"level":"info","ts":"2022-06-01T16:08:58.513Z","caller":"server/runtime_javascript.go:578","msg":"Initialising JavaScript runtime provider","path":"data/modules","entrypoint":""}
{"level":"info","ts":"2022-06-01T16:08:58.517Z","caller":"server/runtime_javascript.go:1572","msg":"JavaScript runtime modules loaded"}
{"level":"info","ts":"2022-06-01T16:08:58.517Z","caller":"server/runtime_javascript.go:1575","msg":"Allocating minimum JavaScript runtime pool","count":16}
{"level":"info","ts":"2022-06-01T16:08:58.517Z","caller":"server/runtime_javascript.go:1583","msg":"Allocated minimum JavaScript runtime pool"}
{"level":"info","ts":"2022-06-01T16:08:58.517Z","caller":"server/runtime.go:613","msg":"Found runtime modules","count":0,"modules":[]}
{"level":"info","ts":"2022-06-01T16:08:58.518Z","caller":"server/leaderboard_scheduler.go:92","msg":"Leaderboard scheduler start"}
{"level":"info","ts":"2022-06-01T16:08:58.518Z","caller":"server/leaderboard_scheduler.go:279","msg":"Leaderboard scheduler update","end_active":"-1ns","end_active_count":0,"expiry":"-1ns","expiry_count":0}
{"level":"info","ts":"2022-06-01T16:08:58.518Z","caller":"server/api.go:131","msg":"Starting API server for gRPC requests","port":7349}
{"level":"info","ts":"2022-06-01T16:08:58.520Z","caller":"server/api.go:265","msg":"Starting API server gateway for HTTP requests","port":7350}
{"level":"info","ts":"2022-06-01T16:08:58.524Z","caller":"server/console.go:202","msg":"Starting Console server for gRPC requests","port":7348}
{"level":"info","ts":"2022-06-01T16:08:58.525Z","caller":"server/console.go:296","msg":"Starting Console server gateway for HTTP requests","port":7351}
{"level":"info","ts":"2022-06-01T16:08:58.669Z","caller":"main.go:184","msg":"Startup done"}
