{"level":"warn","ts":"2022-05-27T22:03:55.688Z","caller":"server/config.go:307","msg":"WARNING: insecure default parameter value, change this for production!","param":"console.password"}
{"level":"warn","ts":"2022-05-27T22:03:55.688Z","caller":"server/config.go:311","msg":"WARNING: insecure default parameter value, change this for production!","param":"console.signing_key"}
{"level":"warn","ts":"2022-05-27T22:03:55.688Z","caller":"server/config.go:315","msg":"WARNING: insecure default parameter value, change this for production!","param":"socket.server_key"}
{"level":"warn","ts":"2022-05-27T22:03:55.688Z","caller":"server/config.go:319","msg":"WARNING: insecure default parameter value, change this for production!","param":"session.encryption_key"}
{"level":"warn","ts":"2022-05-27T22:03:55.688Z","caller":"server/config.go:323","msg":"WARNING: insecure default parameter value, change this for production!","param":"session.refresh_encryption_key"}
{"level":"warn","ts":"2022-05-27T22:03:55.688Z","caller":"server/config.go:327","msg":"WARNING: insecure default parameter value, change this for production!","param":"runtime.http_key"}
{"level":"info","ts":"2022-05-27T22:03:55.688Z","caller":"main.go:103","msg":"Nakama starting"}
{"level":"info","ts":"2022-05-27T22:03:55.688Z","caller":"main.go:104","msg":"Node","name":"nakama1","version":"3.12.0+f5e935d6","runtime":"go1.18.2","cpu":12,"proc":12}
{"level":"info","ts":"2022-05-27T22:03:55.688Z","caller":"main.go:105","msg":"Data directory","path":"./data/"}
{"level":"info","ts":"2022-05-27T22:03:55.689Z","caller":"main.go:124","msg":"Database connections","dsns":["postgres:xxxxx@postgres:5432/nakama"]}
{"level":"debug","ts":"2022-05-27T22:03:55.689Z","caller":"server/db.go:61","msg":"Complete database connection URL","raw_url":"postgres://postgres:localdb@postgres:5432/nakama?sslmode=prefer"}
{"level":"info","ts":"2022-05-27T22:03:55.692Z","caller":"main.go:130","msg":"Database information","version":"PostgreSQL 12.2 on x86_64-pc-linux-musl, compiled by gcc (Alpine 9.2.0) 9.2.0, 64-bit"}
{"level":"info","ts":"2022-05-27T22:03:55.695Z","caller":"server/leaderboard_rank_cache.go:117","msg":"Initializing leaderboard rank cache"}
{"level":"info","ts":"2022-05-27T22:03:55.695Z","caller":"server/leaderboard_rank_cache.go:240","msg":"Leaderboard rank cache initialization completed successfully","cached":[],"skipped":[]}
{"level":"info","ts":"2022-05-27T22:03:55.695Z","caller":"server/runtime.go:571","msg":"Initialising runtime","path":"data/modules"}
{"level":"info","ts":"2022-05-27T22:03:55.695Z","caller":"server/runtime.go:578","msg":"Initialising runtime event queue processor"}
{"level":"info","ts":"2022-05-27T22:03:55.696Z","caller":"server/runtime.go:580","msg":"Runtime event queue processor started","size":65536,"workers":8}
{"level":"info","ts":"2022-05-27T22:03:55.696Z","caller":"server/runtime_go.go:2396","msg":"Initialising Go runtime provider","path":"data/modules"}
{"level":"info","ts":"2022-05-27T22:03:55.696Z","caller":"server/runtime_go.go:2420","msg":"Go runtime modules loaded"}
{"level":"info","ts":"2022-05-27T22:03:55.696Z","caller":"server/runtime_lua.go:110","msg":"Initialising Lua runtime provider","path":"data/modules"}
{"level":"info","ts":"2022-05-27T22:03:55.696Z","caller":"server/runtime_lua.go:1116","msg":"Lua runtime modules loaded"}
{"level":"info","ts":"2022-05-27T22:03:55.696Z","caller":"server/runtime_lua.go:1119","msg":"Allocating minimum Lua runtime pool","count":16}
{"level":"info","ts":"2022-05-27T22:03:55.696Z","caller":"server/runtime_lua.go:1127","msg":"Allocated minimum Lua runtime pool"}
{"level":"info","ts":"2022-05-27T22:03:55.696Z","caller":"server/runtime_javascript.go:578","msg":"Initialising JavaScript runtime provider","path":"data/modules","entrypoint":""}
{"level":"info","ts":"2022-05-27T22:03:55.696Z","caller":"server/runtime_javascript.go:1572","msg":"JavaScript runtime modules loaded"}
{"level":"info","ts":"2022-05-27T22:03:55.696Z","caller":"server/runtime_javascript.go:1575","msg":"Allocating minimum JavaScript runtime pool","count":16}
{"level":"info","ts":"2022-05-27T22:03:55.696Z","caller":"server/runtime_javascript.go:1583","msg":"Allocated minimum JavaScript runtime pool"}
{"level":"info","ts":"2022-05-27T22:03:55.696Z","caller":"server/runtime.go:613","msg":"Found runtime modules","count":0,"modules":[]}
{"level":"info","ts":"2022-05-27T22:03:55.696Z","caller":"server/leaderboard_scheduler.go:92","msg":"Leaderboard scheduler start"}
{"level":"info","ts":"2022-05-27T22:03:55.696Z","caller":"server/leaderboard_scheduler.go:279","msg":"Leaderboard scheduler update","end_active":"-1ns","end_active_count":0,"expiry":"-1ns","expiry_count":0}
{"level":"info","ts":"2022-05-27T22:03:55.696Z","caller":"server/api.go:131","msg":"Starting API server for gRPC requests","port":7349}
{"level":"info","ts":"2022-05-27T22:03:55.697Z","caller":"server/api.go:265","msg":"Starting API server gateway for HTTP requests","port":7350}
{"level":"info","ts":"2022-05-27T22:03:55.699Z","caller":"server/console.go:202","msg":"Starting Console server for gRPC requests","port":7348}
{"level":"info","ts":"2022-05-27T22:03:55.699Z","caller":"server/console.go:296","msg":"Starting Console server gateway for HTTP requests","port":7351}
{"level":"warn","ts":"2022-05-27T22:04:01.291Z","caller":"server/config.go:307","msg":"WARNING: insecure default parameter value, change this for production!","param":"console.password"}
{"level":"warn","ts":"2022-05-27T22:04:01.291Z","caller":"server/config.go:311","msg":"WARNING: insecure default parameter value, change this for production!","param":"console.signing_key"}
{"level":"warn","ts":"2022-05-27T22:04:01.291Z","caller":"server/config.go:315","msg":"WARNING: insecure default parameter value, change this for production!","param":"socket.server_key"}
{"level":"warn","ts":"2022-05-27T22:04:01.291Z","caller":"server/config.go:319","msg":"WARNING: insecure default parameter value, change this for production!","param":"session.encryption_key"}
{"level":"warn","ts":"2022-05-27T22:04:01.292Z","caller":"server/config.go:323","msg":"WARNING: insecure default parameter value, change this for production!","param":"session.refresh_encryption_key"}
{"level":"warn","ts":"2022-05-27T22:04:01.292Z","caller":"server/config.go:327","msg":"WARNING: insecure default parameter value, change this for production!","param":"runtime.http_key"}
{"level":"info","ts":"2022-05-27T22:04:01.292Z","caller":"main.go:103","msg":"Nakama starting"}
{"level":"info","ts":"2022-05-27T22:04:01.292Z","caller":"main.go:104","msg":"Node","name":"nakama1","version":"3.12.0+f5e935d6","runtime":"go1.18.2","cpu":12,"proc":12}
{"level":"info","ts":"2022-05-27T22:04:01.292Z","caller":"main.go:105","msg":"Data directory","path":"./data/"}
{"level":"info","ts":"2022-05-27T22:04:01.292Z","caller":"main.go:124","msg":"Database connections","dsns":["postgres:xxxxx@postgres:5432/nakama"]}
{"level":"debug","ts":"2022-05-27T22:04:01.292Z","caller":"server/db.go:61","msg":"Complete database connection URL","raw_url":"postgres://postgres:localdb@postgres:5432/nakama?sslmode=prefer"}
{"level":"info","ts":"2022-05-27T22:04:01.295Z","caller":"main.go:130","msg":"Database information","version":"PostgreSQL 12.2 on x86_64-pc-linux-musl, compiled by gcc (Alpine 9.2.0) 9.2.0, 64-bit"}
{"level":"info","ts":"2022-05-27T22:04:01.298Z","caller":"server/leaderboard_rank_cache.go:117","msg":"Initializing leaderboard rank cache"}
{"level":"info","ts":"2022-05-27T22:04:01.298Z","caller":"server/leaderboard_rank_cache.go:240","msg":"Leaderboard rank cache initialization completed successfully","cached":[],"skipped":[]}
{"level":"info","ts":"2022-05-27T22:04:01.298Z","caller":"server/runtime.go:571","msg":"Initialising runtime","path":"data/modules"}
{"level":"info","ts":"2022-05-27T22:04:01.298Z","caller":"server/runtime.go:578","msg":"Initialising runtime event queue processor"}
{"level":"info","ts":"2022-05-27T22:04:01.299Z","caller":"server/runtime.go:580","msg":"Runtime event queue processor started","size":65536,"workers":8}
{"level":"info","ts":"2022-05-27T22:04:01.299Z","caller":"server/runtime_go.go:2396","msg":"Initialising Go runtime provider","path":"data/modules"}
{"level":"info","ts":"2022-05-27T22:04:01.299Z","caller":"server/runtime_go.go:2420","msg":"Go runtime modules loaded"}
{"level":"info","ts":"2022-05-27T22:04:01.299Z","caller":"server/runtime_lua.go:110","msg":"Initialising Lua runtime provider","path":"data/modules"}
{"level":"info","ts":"2022-05-27T22:04:01.299Z","caller":"server/runtime_lua.go:1116","msg":"Lua runtime modules loaded"}
{"level":"info","ts":"2022-05-27T22:04:01.299Z","caller":"server/runtime_lua.go:1119","msg":"Allocating minimum Lua runtime pool","count":16}
{"level":"info","ts":"2022-05-27T22:04:01.299Z","caller":"server/runtime_lua.go:1127","msg":"Allocated minimum Lua runtime pool"}
{"level":"info","ts":"2022-05-27T22:04:01.299Z","caller":"server/runtime_javascript.go:578","msg":"Initialising JavaScript runtime provider","path":"data/modules","entrypoint":""}
{"level":"info","ts":"2022-05-27T22:04:01.299Z","caller":"server/runtime_javascript.go:1572","msg":"JavaScript runtime modules loaded"}
{"level":"info","ts":"2022-05-27T22:04:01.299Z","caller":"server/runtime_javascript.go:1575","msg":"Allocating minimum JavaScript runtime pool","count":16}
{"level":"info","ts":"2022-05-27T22:04:01.299Z","caller":"server/runtime_javascript.go:1583","msg":"Allocated minimum JavaScript runtime pool"}
{"level":"info","ts":"2022-05-27T22:04:01.300Z","caller":"server/runtime.go:613","msg":"Found runtime modules","count":0,"modules":[]}
{"level":"info","ts":"2022-05-27T22:04:01.300Z","caller":"server/leaderboard_scheduler.go:92","msg":"Leaderboard scheduler start"}
{"level":"info","ts":"2022-05-27T22:04:01.300Z","caller":"server/leaderboard_scheduler.go:279","msg":"Leaderboard scheduler update","end_active":"-1ns","end_active_count":0,"expiry":"-1ns","expiry_count":0}
{"level":"info","ts":"2022-05-27T22:04:01.300Z","caller":"server/api.go:131","msg":"Starting API server for gRPC requests","port":7349}
{"level":"info","ts":"2022-05-27T22:04:01.300Z","caller":"server/api.go:265","msg":"Starting API server gateway for HTTP requests","port":7350}
{"level":"info","ts":"2022-05-27T22:04:01.303Z","caller":"server/console.go:202","msg":"Starting Console server for gRPC requests","port":7348}
{"level":"info","ts":"2022-05-27T22:04:01.303Z","caller":"server/console.go:296","msg":"Starting Console server gateway for HTTP requests","port":7351}
{"level":"info","ts":"2022-05-27T22:04:01.390Z","caller":"main.go:184","msg":"Startup done"}
{"level":"info","ts":"2022-05-27T22:04:19.883Z","caller":"main.go:200","msg":"Shutdown started"}
{"level":"info","ts":"2022-05-27T22:04:19.883Z","caller":"main.go:207","msg":"All authoritative matches stopped"}
{"level":"info","ts":"2022-05-27T22:04:19.901Z","caller":"main.go:239","msg":"Shutdown complete"}
{"level":"warn","ts":"2022-05-27T22:04:34.981Z","caller":"server/config.go:307","msg":"WARNING: insecure default parameter value, change this for production!","param":"console.password"}
{"level":"warn","ts":"2022-05-27T22:04:34.981Z","caller":"server/config.go:311","msg":"WARNING: insecure default parameter value, change this for production!","param":"console.signing_key"}
{"level":"warn","ts":"2022-05-27T22:04:34.981Z","caller":"server/config.go:315","msg":"WARNING: insecure default parameter value, change this for production!","param":"socket.server_key"}
{"level":"warn","ts":"2022-05-27T22:04:34.981Z","caller":"server/config.go:319","msg":"WARNING: insecure default parameter value, change this for production!","param":"session.encryption_key"}
{"level":"warn","ts":"2022-05-27T22:04:34.981Z","caller":"server/config.go:323","msg":"WARNING: insecure default parameter value, change this for production!","param":"session.refresh_encryption_key"}
{"level":"warn","ts":"2022-05-27T22:04:34.981Z","caller":"server/config.go:327","msg":"WARNING: insecure default parameter value, change this for production!","param":"runtime.http_key"}
{"level":"info","ts":"2022-05-27T22:04:34.981Z","caller":"main.go:103","msg":"Nakama starting"}
{"level":"info","ts":"2022-05-27T22:04:34.981Z","caller":"main.go:104","msg":"Node","name":"nakama1","version":"3.12.0+f5e935d6","runtime":"go1.18.2","cpu":12,"proc":12}
{"level":"info","ts":"2022-05-27T22:04:34.981Z","caller":"main.go:105","msg":"Data directory","path":"./data/"}
{"level":"info","ts":"2022-05-27T22:04:34.981Z","caller":"main.go:124","msg":"Database connections","dsns":["postgres:xxxxx@postgres:5432/nakama"]}
{"level":"debug","ts":"2022-05-27T22:04:34.983Z","caller":"server/db.go:61","msg":"Complete database connection URL","raw_url":"postgres://postgres:localdb@postgres:5432/nakama?sslmode=prefer"}
{"level":"info","ts":"2022-05-27T22:04:34.986Z","caller":"main.go:130","msg":"Database information","version":"PostgreSQL 12.2 on x86_64-pc-linux-musl, compiled by gcc (Alpine 9.2.0) 9.2.0, 64-bit"}
{"level":"info","ts":"2022-05-27T22:04:34.989Z","caller":"server/leaderboard_rank_cache.go:117","msg":"Initializing leaderboard rank cache"}
{"level":"info","ts":"2022-05-27T22:04:34.989Z","caller":"server/leaderboard_rank_cache.go:240","msg":"Leaderboard rank cache initialization completed successfully","cached":[],"skipped":[]}
{"level":"info","ts":"2022-05-27T22:04:34.989Z","caller":"server/runtime.go:571","msg":"Initialising runtime","path":"data/modules"}
{"level":"info","ts":"2022-05-27T22:04:34.990Z","caller":"server/runtime.go:578","msg":"Initialising runtime event queue processor"}
{"level":"info","ts":"2022-05-27T22:04:34.990Z","caller":"server/runtime.go:580","msg":"Runtime event queue processor started","size":65536,"workers":8}
{"level":"info","ts":"2022-05-27T22:04:34.990Z","caller":"server/runtime_go.go:2396","msg":"Initialising Go runtime provider","path":"data/modules"}
{"level":"info","ts":"2022-05-27T22:04:34.990Z","caller":"server/runtime_go.go:2420","msg":"Go runtime modules loaded"}
{"level":"info","ts":"2022-05-27T22:04:34.990Z","caller":"server/runtime_lua.go:110","msg":"Initialising Lua runtime provider","path":"data/modules"}
{"level":"info","ts":"2022-05-27T22:04:34.990Z","caller":"server/runtime_lua.go:1116","msg":"Lua runtime modules loaded"}
{"level":"info","ts":"2022-05-27T22:04:34.990Z","caller":"server/runtime_lua.go:1119","msg":"Allocating minimum Lua runtime pool","count":16}
{"level":"info","ts":"2022-05-27T22:04:34.990Z","caller":"server/runtime_lua.go:1127","msg":"Allocated minimum Lua runtime pool"}
{"level":"info","ts":"2022-05-27T22:04:34.990Z","caller":"server/runtime_javascript.go:578","msg":"Initialising JavaScript runtime provider","path":"data/modules","entrypoint":""}
{"level":"info","ts":"2022-05-27T22:04:34.991Z","caller":"server/runtime_javascript.go:1572","msg":"JavaScript runtime modules loaded"}
{"level":"info","ts":"2022-05-27T22:04:34.991Z","caller":"server/runtime_javascript.go:1575","msg":"Allocating minimum JavaScript runtime pool","count":16}
{"level":"info","ts":"2022-05-27T22:04:34.991Z","caller":"server/runtime_javascript.go:1583","msg":"Allocated minimum JavaScript runtime pool"}
{"level":"info","ts":"2022-05-27T22:04:34.991Z","caller":"server/runtime.go:613","msg":"Found runtime modules","count":0,"modules":[]}
{"level":"info","ts":"2022-05-27T22:04:34.991Z","caller":"server/leaderboard_scheduler.go:92","msg":"Leaderboard scheduler start"}
{"level":"info","ts":"2022-05-27T22:04:34.991Z","caller":"server/leaderboard_scheduler.go:279","msg":"Leaderboard scheduler update","end_active":"-1ns","end_active_count":0,"expiry":"-1ns","expiry_count":0}
{"level":"info","ts":"2022-05-27T22:04:34.991Z","caller":"server/api.go:131","msg":"Starting API server for gRPC requests","port":7349}
{"level":"info","ts":"2022-05-27T22:04:34.991Z","caller":"server/api.go:265","msg":"Starting API server gateway for HTTP requests","port":7350}
{"level":"info","ts":"2022-05-27T22:04:34.994Z","caller":"server/console.go:202","msg":"Starting Console server for gRPC requests","port":7348}
{"level":"info","ts":"2022-05-27T22:04:34.994Z","caller":"server/console.go:296","msg":"Starting Console server gateway for HTTP requests","port":7351}
{"level":"info","ts":"2022-05-27T22:04:35.082Z","caller":"main.go:184","msg":"Startup done"}
{"level":"info","ts":"2022-05-27T22:05:08.509Z","caller":"main.go:200","msg":"Shutdown started"}
{"level":"info","ts":"2022-05-27T22:05:08.509Z","caller":"main.go:207","msg":"All authoritative matches stopped"}
{"level":"info","ts":"2022-05-27T22:05:08.527Z","caller":"main.go:239","msg":"Shutdown complete"}
{"level":"warn","ts":"2022-05-27T22:05:14.714Z","caller":"server/config.go:307","msg":"WARNING: insecure default parameter value, change this for production!","param":"console.password"}
{"level":"warn","ts":"2022-05-27T22:05:14.714Z","caller":"server/config.go:311","msg":"WARNING: insecure default parameter value, change this for production!","param":"console.signing_key"}
{"level":"warn","ts":"2022-05-27T22:05:14.714Z","caller":"server/config.go:315","msg":"WARNING: insecure default parameter value, change this for production!","param":"socket.server_key"}
{"level":"warn","ts":"2022-05-27T22:05:14.714Z","caller":"server/config.go:319","msg":"WARNING: insecure default parameter value, change this for production!","param":"session.encryption_key"}
{"level":"warn","ts":"2022-05-27T22:05:14.714Z","caller":"server/config.go:323","msg":"WARNING: insecure default parameter value, change this for production!","param":"session.refresh_encryption_key"}
{"level":"warn","ts":"2022-05-27T22:05:14.714Z","caller":"server/config.go:327","msg":"WARNING: insecure default parameter value, change this for production!","param":"runtime.http_key"}
{"level":"info","ts":"2022-05-27T22:05:14.714Z","caller":"main.go:103","msg":"Nakama starting"}
{"level":"info","ts":"2022-05-27T22:05:14.714Z","caller":"main.go:104","msg":"Node","name":"nakama1","version":"3.12.0+f5e935d6","runtime":"go1.18.2","cpu":12,"proc":12}
{"level":"info","ts":"2022-05-27T22:05:14.714Z","caller":"main.go:105","msg":"Data directory","path":"./data/"}
{"level":"info","ts":"2022-05-27T22:05:14.714Z","caller":"main.go:124","msg":"Database connections","dsns":["postgres:xxxxx@postgres:5432/nakama"]}
{"level":"debug","ts":"2022-05-27T22:05:14.715Z","caller":"server/db.go:61","msg":"Complete database connection URL","raw_url":"postgres://postgres:localdb@postgres:5432/nakama?sslmode=prefer"}
{"level":"info","ts":"2022-05-27T22:05:14.718Z","caller":"main.go:130","msg":"Database information","version":"PostgreSQL 12.2 on x86_64-pc-linux-musl, compiled by gcc (Alpine 9.2.0) 9.2.0, 64-bit"}
{"level":"info","ts":"2022-05-27T22:05:14.722Z","caller":"server/leaderboard_rank_cache.go:117","msg":"Initializing leaderboard rank cache"}
{"level":"info","ts":"2022-05-27T22:05:14.722Z","caller":"server/leaderboard_rank_cache.go:240","msg":"Leaderboard rank cache initialization completed successfully","cached":[],"skipped":[]}
{"level":"info","ts":"2022-05-27T22:05:14.722Z","caller":"server/runtime.go:571","msg":"Initialising runtime","path":"data/modules"}
{"level":"info","ts":"2022-05-27T22:05:14.722Z","caller":"server/runtime.go:578","msg":"Initialising runtime event queue processor"}
{"level":"info","ts":"2022-05-27T22:05:14.722Z","caller":"server/runtime.go:580","msg":"Runtime event queue processor started","size":65536,"workers":8}
{"level":"info","ts":"2022-05-27T22:05:14.722Z","caller":"server/runtime_go.go:2396","msg":"Initialising Go runtime provider","path":"data/modules"}
{"level":"info","ts":"2022-05-27T22:05:14.722Z","caller":"server/runtime_go.go:2420","msg":"Go runtime modules loaded"}
{"level":"info","ts":"2022-05-27T22:05:14.722Z","caller":"server/runtime_lua.go:110","msg":"Initialising Lua runtime provider","path":"data/modules"}
{"level":"info","ts":"2022-05-27T22:05:14.722Z","caller":"server/runtime_lua.go:1116","msg":"Lua runtime modules loaded"}
{"level":"info","ts":"2022-05-27T22:05:14.722Z","caller":"server/runtime_lua.go:1119","msg":"Allocating minimum Lua runtime pool","count":16}
{"level":"info","ts":"2022-05-27T22:05:14.722Z","caller":"server/runtime_lua.go:1127","msg":"Allocated minimum Lua runtime pool"}
{"level":"info","ts":"2022-05-27T22:05:14.722Z","caller":"server/runtime_javascript.go:578","msg":"Initialising JavaScript runtime provider","path":"data/modules","entrypoint":""}
{"level":"info","ts":"2022-05-27T22:05:14.723Z","caller":"server/runtime_javascript.go:1572","msg":"JavaScript runtime modules loaded"}
{"level":"info","ts":"2022-05-27T22:05:14.723Z","caller":"server/runtime_javascript.go:1575","msg":"Allocating minimum JavaScript runtime pool","count":16}
{"level":"info","ts":"2022-05-27T22:05:14.723Z","caller":"server/runtime_javascript.go:1583","msg":"Allocated minimum JavaScript runtime pool"}
{"level":"info","ts":"2022-05-27T22:05:14.723Z","caller":"server/runtime.go:613","msg":"Found runtime modules","count":0,"modules":[]}
{"level":"info","ts":"2022-05-27T22:05:14.723Z","caller":"server/leaderboard_scheduler.go:92","msg":"Leaderboard scheduler start"}
{"level":"info","ts":"2022-05-27T22:05:14.723Z","caller":"server/leaderboard_scheduler.go:279","msg":"Leaderboard scheduler update","end_active":"-1ns","end_active_count":0,"expiry":"-1ns","expiry_count":0}
{"level":"info","ts":"2022-05-27T22:05:14.723Z","caller":"server/api.go:131","msg":"Starting API server for gRPC requests","port":7349}
{"level":"info","ts":"2022-05-27T22:05:14.723Z","caller":"server/api.go:265","msg":"Starting API server gateway for HTTP requests","port":7350}
{"level":"info","ts":"2022-05-27T22:05:14.726Z","caller":"server/console.go:202","msg":"Starting Console server for gRPC requests","port":7348}
{"level":"info","ts":"2022-05-27T22:05:14.726Z","caller":"server/console.go:296","msg":"Starting Console server gateway for HTTP requests","port":7351}
{"level":"info","ts":"2022-05-27T22:05:14.829Z","caller":"main.go:184","msg":"Startup done"}
{"level":"info","ts":"2022-05-27T22:05:22.993Z","caller":"main.go:200","msg":"Shutdown started"}
{"level":"info","ts":"2022-05-27T22:05:22.993Z","caller":"main.go:207","msg":"All authoritative matches stopped"}
{"level":"info","ts":"2022-05-27T22:05:23.010Z","caller":"main.go:239","msg":"Shutdown complete"}
{"level":"warn","ts":"2022-05-27T22:05:28.680Z","caller":"server/config.go:307","msg":"WARNING: insecure default parameter value, change this for production!","param":"console.password"}
{"level":"warn","ts":"2022-05-27T22:05:28.680Z","caller":"server/config.go:311","msg":"WARNING: insecure default parameter value, change this for production!","param":"console.signing_key"}
{"level":"warn","ts":"2022-05-27T22:05:28.680Z","caller":"server/config.go:315","msg":"WARNING: insecure default parameter value, change this for production!","param":"socket.server_key"}
{"level":"warn","ts":"2022-05-27T22:05:28.680Z","caller":"server/config.go:319","msg":"WARNING: insecure default parameter value, change this for production!","param":"session.encryption_key"}
{"level":"warn","ts":"2022-05-27T22:05:28.680Z","caller":"server/config.go:323","msg":"WARNING: insecure default parameter value, change this for production!","param":"session.refresh_encryption_key"}
{"level":"warn","ts":"2022-05-27T22:05:28.680Z","caller":"server/config.go:327","msg":"WARNING: insecure default parameter value, change this for production!","param":"runtime.http_key"}
{"level":"info","ts":"2022-05-27T22:05:28.680Z","caller":"main.go:103","msg":"Nakama starting"}
{"level":"info","ts":"2022-05-27T22:05:28.680Z","caller":"main.go:104","msg":"Node","name":"nakama1","version":"3.12.0+f5e935d6","runtime":"go1.18.2","cpu":12,"proc":12}
{"level":"info","ts":"2022-05-27T22:05:28.680Z","caller":"main.go:105","msg":"Data directory","path":"./data/"}
{"level":"info","ts":"2022-05-27T22:05:28.680Z","caller":"main.go:124","msg":"Database connections","dsns":["postgres:xxxxx@postgres:5432/nakama"]}
{"level":"debug","ts":"2022-05-27T22:05:28.681Z","caller":"server/db.go:61","msg":"Complete database connection URL","raw_url":"postgres://postgres:localdb@postgres:5432/nakama?sslmode=prefer"}
{"level":"info","ts":"2022-05-27T22:05:28.684Z","caller":"main.go:130","msg":"Database information","version":"PostgreSQL 12.2 on x86_64-pc-linux-musl, compiled by gcc (Alpine 9.2.0) 9.2.0, 64-bit"}
{"level":"info","ts":"2022-05-27T22:05:28.689Z","caller":"server/leaderboard_rank_cache.go:117","msg":"Initializing leaderboard rank cache"}
{"level":"info","ts":"2022-05-27T22:05:28.689Z","caller":"server/leaderboard_rank_cache.go:240","msg":"Leaderboard rank cache initialization completed successfully","cached":[],"skipped":[]}
{"level":"info","ts":"2022-05-27T22:05:28.689Z","caller":"server/runtime.go:571","msg":"Initialising runtime","path":"data/modules"}
{"level":"info","ts":"2022-05-27T22:05:28.689Z","caller":"server/runtime.go:578","msg":"Initialising runtime event queue processor"}
{"level":"info","ts":"2022-05-27T22:05:28.690Z","caller":"server/runtime.go:580","msg":"Runtime event queue processor started","size":65536,"workers":8}
{"level":"info","ts":"2022-05-27T22:05:28.690Z","caller":"server/runtime_go.go:2396","msg":"Initialising Go runtime provider","path":"data/modules"}
{"level":"info","ts":"2022-05-27T22:05:28.690Z","caller":"server/runtime_go.go:2420","msg":"Go runtime modules loaded"}
{"level":"info","ts":"2022-05-27T22:05:28.690Z","caller":"server/runtime_lua.go:110","msg":"Initialising Lua runtime provider","path":"data/modules"}
{"level":"info","ts":"2022-05-27T22:05:28.690Z","caller":"server/runtime_lua.go:1116","msg":"Lua runtime modules loaded"}
{"level":"info","ts":"2022-05-27T22:05:28.690Z","caller":"server/runtime_lua.go:1119","msg":"Allocating minimum Lua runtime pool","count":16}
{"level":"info","ts":"2022-05-27T22:05:28.690Z","caller":"server/runtime_lua.go:1127","msg":"Allocated minimum Lua runtime pool"}
{"level":"info","ts":"2022-05-27T22:05:28.690Z","caller":"server/runtime_javascript.go:578","msg":"Initialising JavaScript runtime provider","path":"data/modules","entrypoint":""}
{"level":"info","ts":"2022-05-27T22:05:28.690Z","caller":"server/runtime_javascript.go:1572","msg":"JavaScript runtime modules loaded"}
{"level":"info","ts":"2022-05-27T22:05:28.690Z","caller":"server/runtime_javascript.go:1575","msg":"Allocating minimum JavaScript runtime pool","count":16}
{"level":"info","ts":"2022-05-27T22:05:28.690Z","caller":"server/runtime_javascript.go:1583","msg":"Allocated minimum JavaScript runtime pool"}
{"level":"info","ts":"2022-05-27T22:05:28.690Z","caller":"server/runtime.go:613","msg":"Found runtime modules","count":0,"modules":[]}
{"level":"info","ts":"2022-05-27T22:05:28.690Z","caller":"server/leaderboard_scheduler.go:92","msg":"Leaderboard scheduler start"}
{"level":"info","ts":"2022-05-27T22:05:28.690Z","caller":"server/leaderboard_scheduler.go:279","msg":"Leaderboard scheduler update","end_active":"-1ns","end_active_count":0,"expiry":"-1ns","expiry_count":0}
{"level":"info","ts":"2022-05-27T22:05:28.691Z","caller":"server/api.go:131","msg":"Starting API server for gRPC requests","port":7349}
{"level":"info","ts":"2022-05-27T22:05:28.692Z","caller":"server/api.go:265","msg":"Starting API server gateway for HTTP requests","port":7350}
{"level":"info","ts":"2022-05-27T22:05:28.694Z","caller":"server/console.go:202","msg":"Starting Console server for gRPC requests","port":7348}
{"level":"info","ts":"2022-05-27T22:05:28.695Z","caller":"server/console.go:296","msg":"Starting Console server gateway for HTTP requests","port":7351}
{"level":"info","ts":"2022-05-27T22:05:28.782Z","caller":"main.go:184","msg":"Startup done"}
